/workspace/low-light-geolocalization-autoresearch/model/model.py:263: TracerWarning: Converting a tensor to a Python boolean might cause the trace to be incorrect. We can't record the data flow of Python values, so this value will be treated as a constant in the future. This means that the trace might not generalize to other inputs!
  if return_logits:
[prignitz] epoch 1/24 36000 crops, device=cuda
[prignitz] epoch 1/24 loss=6.2783
[prignitz] epoch 2/24 36000 crops, device=cuda
[prignitz] epoch 2/24 loss=5.5181
[prignitz] epoch 3/24 36000 crops, device=cuda
[prignitz] epoch 3/24 loss=5.2259
[prignitz] epoch 4/24 36000 crops, device=cuda
[prignitz] epoch 4/24 loss=5.0327
[prignitz] epoch 5/24 36000 crops, device=cuda
[prignitz] epoch 5/24 loss=4.9151
[prignitz] epoch 6/24 36000 crops, device=cuda
[prignitz] epoch 6/24 loss=4.8167
[prignitz] epoch 7/24 36000 crops, device=cuda
[prignitz] epoch 7/24 loss=4.7426
[prignitz] epoch 8/24 36000 crops, device=cuda
[prignitz] epoch 8/24 loss=4.6766
[prignitz] epoch 9/24 36000 crops, device=cuda
[prignitz] epoch 9/24 loss=4.6156
[prignitz] epoch 10/24 36000 crops, device=cuda
[prignitz] epoch 10/24 loss=4.5613
[prignitz] epoch 11/24 36000 crops, device=cuda
[prignitz] epoch 11/24 loss=4.5259
[prignitz] epoch 12/24 36000 crops, device=cuda
[prignitz] epoch 12/24 loss=4.4936
[prignitz] epoch 13/24 36000 crops, device=cuda
[prignitz] epoch 13/24 loss=4.4592
[prignitz] epoch 14/24 36000 crops, device=cuda
[prignitz] epoch 14/24 loss=4.4388
[prignitz] epoch 15/24 36000 crops, device=cuda
[prignitz] epoch 15/24 loss=4.4123
[prignitz] epoch 16/24 36000 crops, device=cuda
[prignitz] epoch 16/24 loss=4.3853
[prignitz] epoch 17/24 36000 crops, device=cuda
[prignitz] epoch 17/24 loss=4.3812
[prignitz] epoch 18/24 36000 crops, device=cuda
[prignitz] epoch 18/24 loss=4.3624
[prignitz] epoch 19/24 36000 crops, device=cuda
[prignitz] epoch 19/24 loss=4.3480
[prignitz] epoch 20/24 36000 crops, device=cuda
[prignitz] epoch 20/24 loss=4.3331
[prignitz] epoch 21/24 36000 crops, device=cuda
[prignitz] epoch 21/24 loss=4.3257
[prignitz] epoch 22/24 36000 crops, device=cuda
[prignitz] epoch 22/24 loss=4.3329
[prignitz] epoch 23/24 36000 crops, device=cuda
[prignitz] epoch 23/24 loss=4.3190
[prignitz] epoch 24/24 36000 crops, device=cuda
[prignitz] epoch 24/24 loss=4.3207
{"area": "prignitz", "n_train_crops": 36000, "epochs": 8, "device": "cuda", "train_seconds": 2484.0, "onnx_bytes": 1310703, "init": "pretrained:mobilenet_v3_small IMAGENET1K_V1 features[0..8] (torchvision, BSD-3)", "train_realizations": 3, "epoch_location_resampling": true, "total_epochs_run": 24, "epoch_mult": 3, "lr_schedule": "cosine-per-step to 0 over 13512 steps", "confusability_alpha": 0.5, "cell_weight_ratio_p90_p10": 3.028598520134326, "conf_shift": 1.241841197013855, "cal_logit_threshold": 0.39464329481124866, "cal_keep_rate_per_bucket": {"morning": 0.865, "midday": 0.86, "afternoon": 0.875, "early_evening": 0.8475, "evening": 0.745, "night": 0.4}}
