/workspace/low-light-geolocalization-autoresearch/model/model.py:263: TracerWarning: Converting a tensor to a Python boolean might cause the trace to be incorrect. We can't record the data flow of Python values, so this value will be treated as a constant in the future. This means that the trace might not generalize to other inputs!
  if return_logits:
[berlin] epoch 1/24 36000 crops, device=cuda
[berlin] epoch 1/24 loss=6.3540
[berlin] epoch 2/24 36000 crops, device=cuda
[berlin] epoch 2/24 loss=5.8445
[berlin] epoch 3/24 36000 crops, device=cuda
[berlin] epoch 3/24 loss=5.6155
[berlin] epoch 4/24 36000 crops, device=cuda
[berlin] epoch 4/24 loss=5.4350
[berlin] epoch 5/24 36000 crops, device=cuda
[berlin] epoch 5/24 loss=5.3033
[berlin] epoch 6/24 36000 crops, device=cuda
[berlin] epoch 6/24 loss=5.1917
[berlin] epoch 7/24 36000 crops, device=cuda
[berlin] epoch 7/24 loss=5.0835
[berlin] epoch 8/24 36000 crops, device=cuda
[berlin] epoch 8/24 loss=5.0134
[berlin] epoch 9/24 36000 crops, device=cuda
[berlin] epoch 9/24 loss=4.9336
[berlin] epoch 10/24 36000 crops, device=cuda
[berlin] epoch 10/24 loss=4.8668
[berlin] epoch 11/24 36000 crops, device=cuda
[berlin] epoch 11/24 loss=4.8126
[berlin] epoch 12/24 36000 crops, device=cuda
[berlin] epoch 12/24 loss=4.7637
[berlin] epoch 13/24 36000 crops, device=cuda
[berlin] epoch 13/24 loss=4.7214
[berlin] epoch 14/24 36000 crops, device=cuda
[berlin] epoch 14/24 loss=4.6916
[berlin] epoch 15/24 36000 crops, device=cuda
[berlin] epoch 15/24 loss=4.6505
[berlin] epoch 16/24 36000 crops, device=cuda
[berlin] epoch 16/24 loss=4.6332
[berlin] epoch 17/24 36000 crops, device=cuda
[berlin] epoch 17/24 loss=4.6105
[berlin] epoch 18/24 36000 crops, device=cuda
[berlin] epoch 18/24 loss=4.5879
[berlin] epoch 19/24 36000 crops, device=cuda
[berlin] epoch 19/24 loss=4.5716
[berlin] epoch 20/24 36000 crops, device=cuda
[berlin] epoch 20/24 loss=4.5601
[berlin] epoch 21/24 36000 crops, device=cuda
[berlin] epoch 21/24 loss=4.5514
[berlin] epoch 22/24 36000 crops, device=cuda
[berlin] epoch 22/24 loss=4.5492
[berlin] epoch 23/24 36000 crops, device=cuda
[berlin] epoch 23/24 loss=4.5328
[berlin] epoch 24/24 36000 crops, device=cuda
[berlin] epoch 24/24 loss=4.5396
{"area": "berlin", "n_train_crops": 36000, "epochs": 8, "device": "cuda", "train_seconds": 2688.4, "onnx_bytes": 1310703, "init": "pretrained:mobilenet_v3_small IMAGENET1K_V1 features[0..8] (torchvision, BSD-3)", "train_realizations": 3, "epoch_location_resampling": true, "total_epochs_run": 24, "epoch_mult": 3, "lr_schedule": "cosine-per-step to 0 over 13512 steps", "confusability_alpha": 0.5, "cell_weight_ratio_p90_p10": 3.926471832025122, "conf_shift": 1.0078760385513306, "cal_logit_threshold": 0.16067821085453024, "cal_keep_rate_per_bucket": {"morning": 0.7075, "midday": 0.65, "afternoon": 0.7175, "early_evening": 0.6725, "evening": 0.7, "night": 0.4}}
