/workspace/low-light-geolocalization-autoresearch/model/model.py:189: TracerWarning: Converting a tensor to a Python boolean might cause the trace to be incorrect. We can't record the data flow of Python values, so this value will be treated as a constant in the future. This means that the trace might not generalize to other inputs!
  if return_votes:
[prignitz] epoch 1/24 36000 crops, device=cuda
[prignitz] epoch 1/24 loss=0.0740
[prignitz] epoch 2/24 36000 crops, device=cuda
[prignitz] epoch 2/24 loss=0.0698
[prignitz] epoch 3/24 36000 crops, device=cuda
[prignitz] epoch 3/24 loss=0.0681
[prignitz] epoch 4/24 36000 crops, device=cuda
[prignitz] epoch 4/24 loss=0.0667
[prignitz] epoch 5/24 36000 crops, device=cuda
[prignitz] epoch 5/24 loss=0.0654
[prignitz] epoch 6/24 36000 crops, device=cuda
[prignitz] epoch 6/24 loss=0.0649
[prignitz] epoch 7/24 36000 crops, device=cuda
[prignitz] epoch 7/24 loss=0.0645
[prignitz] epoch 8/24 36000 crops, device=cuda
[prignitz] epoch 8/24 loss=0.0638
[prignitz] epoch 9/24 36000 crops, device=cuda
[prignitz] epoch 9/24 loss=0.0636
[prignitz] epoch 10/24 36000 crops, device=cuda
[prignitz] epoch 10/24 loss=0.0631
[prignitz] epoch 11/24 36000 crops, device=cuda
[prignitz] epoch 11/24 loss=0.0631
[prignitz] epoch 12/24 36000 crops, device=cuda
[prignitz] epoch 12/24 loss=0.0628
[prignitz] epoch 13/24 36000 crops, device=cuda
[prignitz] epoch 13/24 loss=0.0624
[prignitz] epoch 14/24 36000 crops, device=cuda
[prignitz] epoch 14/24 loss=0.0623
[prignitz] epoch 15/24 36000 crops, device=cuda
[prignitz] epoch 15/24 loss=0.0628
[prignitz] epoch 16/24 36000 crops, device=cuda
[prignitz] epoch 16/24 loss=0.0627
[prignitz] epoch 17/24 36000 crops, device=cuda
[prignitz] epoch 17/24 loss=0.0629
[prignitz] epoch 18/24 36000 crops, device=cuda
[prignitz] epoch 18/24 loss=0.0627
[prignitz] epoch 19/24 36000 crops, device=cuda
[prignitz] epoch 19/24 loss=0.0628
[prignitz] epoch 20/24 36000 crops, device=cuda
[prignitz] epoch 20/24 loss=0.0625
[prignitz] epoch 21/24 36000 crops, device=cuda
[prignitz] epoch 21/24 loss=0.0636
[prignitz] epoch 22/24 36000 crops, device=cuda
[prignitz] epoch 22/24 loss=0.0637
[prignitz] epoch 23/24 36000 crops, device=cuda
[prignitz] epoch 23/24 loss=0.0640
[prignitz] epoch 24/24 36000 crops, device=cuda
[prignitz] epoch 24/24 loss=0.0646
{"area": "prignitz", "n_train_crops": 36000, "epochs": 8, "device": "cuda", "train_seconds": 2251.7, "onnx_bytes": 751769, "init": "from-scratch (no pretrained backbone)", "train_realizations": 3, "epoch_location_resampling": true, "total_epochs_run": 24, "epoch_mult": 3, "lr_schedule": "cosine-per-step to 0 over 13512 steps", "error_alpha": 0.7, "loc_err_ema_ratio_p90_p10": 4.320477301225135, "conf_shift": -4.480907917022705, "cal_logit_threshold": -5.328105545043946, "cal_keep_rate_per_bucket": {"morning": 0.51, "midday": 0.4675, "afternoon": 0.4875, "early_evening": 0.4, "evening": 0.4175, "night": 0.6925}}
