/workspace/low-light-geolocalization-autoresearch/model/model.py:189: TracerWarning: Converting a tensor to a Python boolean might cause the trace to be incorrect. We can't record the data flow of Python values, so this value will be treated as a constant in the future. This means that the trace might not generalize to other inputs!
  if return_votes:
[munich] epoch 1/24 36000 crops, device=cuda
[munich] epoch 1/24 loss=0.0805
[munich] epoch 2/24 36000 crops, device=cuda
[munich] epoch 2/24 loss=0.0767
[munich] epoch 3/24 36000 crops, device=cuda
[munich] epoch 3/24 loss=0.0751
[munich] epoch 4/24 36000 crops, device=cuda
[munich] epoch 4/24 loss=0.0744
[munich] epoch 5/24 36000 crops, device=cuda
[munich] epoch 5/24 loss=0.0742
[munich] epoch 6/24 36000 crops, device=cuda
[munich] epoch 6/24 loss=0.0733
[munich] epoch 7/24 36000 crops, device=cuda
[munich] epoch 7/24 loss=0.0734
[munich] epoch 8/24 36000 crops, device=cuda
[munich] epoch 8/24 loss=0.0730
[munich] epoch 9/24 36000 crops, device=cuda
[munich] epoch 9/24 loss=0.0730
[munich] epoch 10/24 36000 crops, device=cuda
[munich] epoch 10/24 loss=0.0737
[munich] epoch 11/24 36000 crops, device=cuda
[munich] epoch 11/24 loss=0.0732
[munich] epoch 12/24 36000 crops, device=cuda
[munich] epoch 12/24 loss=0.0736
[munich] epoch 13/24 36000 crops, device=cuda
[munich] epoch 13/24 loss=0.0734
[munich] epoch 14/24 36000 crops, device=cuda
[munich] epoch 14/24 loss=0.0737
[munich] epoch 15/24 36000 crops, device=cuda
[munich] epoch 15/24 loss=0.0741
[munich] epoch 16/24 36000 crops, device=cuda
[munich] epoch 16/24 loss=0.0741
[munich] epoch 17/24 36000 crops, device=cuda
[munich] epoch 17/24 loss=0.0744
[munich] epoch 18/24 36000 crops, device=cuda
[munich] epoch 18/24 loss=0.0749
[munich] epoch 19/24 36000 crops, device=cuda
[munich] epoch 19/24 loss=0.0750
[munich] epoch 20/24 36000 crops, device=cuda
[munich] epoch 20/24 loss=0.0754
[munich] epoch 21/24 36000 crops, device=cuda
[munich] epoch 21/24 loss=0.0753
[munich] epoch 22/24 36000 crops, device=cuda
[munich] epoch 22/24 loss=0.0761
[munich] epoch 23/24 36000 crops, device=cuda
[munich] epoch 23/24 loss=0.0765
[munich] epoch 24/24 36000 crops, device=cuda
[munich] epoch 24/24 loss=0.0772
{"area": "munich", "n_train_crops": 36000, "epochs": 8, "device": "cuda", "train_seconds": 2598.0, "onnx_bytes": 751769, "init": "from-scratch (no pretrained backbone)", "train_realizations": 3, "epoch_location_resampling": true, "total_epochs_run": 24, "epoch_mult": 3, "lr_schedule": "cosine-per-step to 0 over 13512 steps", "error_alpha": 0.7, "loc_err_ema_ratio_p90_p10": 3.629908463061763, "conf_shift": -5.126802921295166, "cal_logit_threshold": -5.974000644683839, "cal_keep_rate_per_bucket": {"morning": 0.4, "midday": 0.5675, "afternoon": 0.4725, "early_evening": 0.535, "evening": 0.615, "night": 0.9475}}
