/workspace/low-light-geolocalization-autoresearch/model/model.py:189: TracerWarning: Converting a tensor to a Python boolean might cause the trace to be incorrect. We can't record the data flow of Python values, so this value will be treated as a constant in the future. This means that the trace might not generalize to other inputs!
  if return_votes:
[berlin] epoch 1/24 36000 crops, device=cuda
[berlin] epoch 1/24 loss=0.0758
[berlin] epoch 2/24 36000 crops, device=cuda
[berlin] epoch 2/24 loss=0.0733
[berlin] epoch 3/24 36000 crops, device=cuda
[berlin] epoch 3/24 loss=0.0719
[berlin] epoch 4/24 36000 crops, device=cuda
[berlin] epoch 4/24 loss=0.0715
[berlin] epoch 5/24 36000 crops, device=cuda
[berlin] epoch 5/24 loss=0.0715
[berlin] epoch 6/24 36000 crops, device=cuda
[berlin] epoch 6/24 loss=0.0712
[berlin] epoch 7/24 36000 crops, device=cuda
[berlin] epoch 7/24 loss=0.0714
[berlin] epoch 8/24 36000 crops, device=cuda
[berlin] epoch 8/24 loss=0.0711
[berlin] epoch 9/24 36000 crops, device=cuda
[berlin] epoch 9/24 loss=0.0712
[berlin] epoch 10/24 36000 crops, device=cuda
[berlin] epoch 10/24 loss=0.0717
[berlin] epoch 11/24 36000 crops, device=cuda
[berlin] epoch 11/24 loss=0.0721
[berlin] epoch 12/24 36000 crops, device=cuda
[berlin] epoch 12/24 loss=0.0724
[berlin] epoch 13/24 36000 crops, device=cuda
[berlin] epoch 13/24 loss=0.0725
[berlin] epoch 14/24 36000 crops, device=cuda
[berlin] epoch 14/24 loss=0.0728
[berlin] epoch 15/24 36000 crops, device=cuda
[berlin] epoch 15/24 loss=0.0732
[berlin] epoch 16/24 36000 crops, device=cuda
[berlin] epoch 16/24 loss=0.0735
[berlin] epoch 17/24 36000 crops, device=cuda
[berlin] epoch 17/24 loss=0.0739
[berlin] epoch 18/24 36000 crops, device=cuda
[berlin] epoch 18/24 loss=0.0745
[berlin] epoch 19/24 36000 crops, device=cuda
[berlin] epoch 19/24 loss=0.0750
[berlin] epoch 20/24 36000 crops, device=cuda
[berlin] epoch 20/24 loss=0.0751
[berlin] epoch 21/24 36000 crops, device=cuda
[berlin] epoch 21/24 loss=0.0755
[berlin] epoch 22/24 36000 crops, device=cuda
[berlin] epoch 22/24 loss=0.0759
[berlin] epoch 23/24 36000 crops, device=cuda
[berlin] epoch 23/24 loss=0.0769
[berlin] epoch 24/24 36000 crops, device=cuda
[berlin] epoch 24/24 loss=0.0774
{"area": "berlin", "n_train_crops": 36000, "epochs": 8, "device": "cuda", "train_seconds": 2455.3, "onnx_bytes": 751769, "init": "from-scratch (no pretrained backbone)", "train_realizations": 3, "epoch_location_resampling": true, "total_epochs_run": 24, "epoch_mult": 3, "lr_schedule": "cosine-per-step to 0 over 13512 steps", "error_alpha": 0.7, "loc_err_ema_ratio_p90_p10": 4.771952365181154, "conf_shift": -4.763594150543213, "cal_logit_threshold": -5.610791873931885, "cal_keep_rate_per_bucket": {"morning": 0.48, "midday": 0.495, "afternoon": 0.495, "early_evening": 0.4, "evening": 0.56, "night": 0.78}}
