/workspace/low-light-geolocalization-autoresearch/model/model.py:218: TracerWarning: Converting a tensor to a Python boolean might cause the trace to be incorrect. We can't record the data flow of Python values, so this value will be treated as a constant in the future. This means that the trace might not generalize to other inputs!
  if return_logits:
[berlin] epoch 1/24 36000 crops, device=cuda
[berlin] epoch 1/24 loss=2.1146
[berlin] epoch 2/24 36000 crops, device=cuda
[berlin] epoch 2/24 loss=2.0391
[berlin] epoch 3/24 36000 crops, device=cuda
[berlin] epoch 3/24 loss=2.0285
[berlin] epoch 4/24 36000 crops, device=cuda
[berlin] epoch 4/24 loss=2.0269
[berlin] epoch 5/24 36000 crops, device=cuda
[berlin] epoch 5/24 loss=2.0248
[berlin] epoch 6/24 36000 crops, device=cuda
[berlin] epoch 6/24 loss=2.0220
[berlin] epoch 7/24 36000 crops, device=cuda
[berlin] epoch 7/24 loss=2.0108
[berlin] epoch 8/24 36000 crops, device=cuda
[berlin] epoch 8/24 loss=2.0184
[berlin] epoch 9/24 36000 crops, device=cuda
[berlin] epoch 9/24 loss=2.0145
[berlin] epoch 10/24 36000 crops, device=cuda
[berlin] epoch 10/24 loss=2.0171
[berlin] epoch 11/24 36000 crops, device=cuda
[berlin] epoch 11/24 loss=2.0144
[berlin] epoch 12/24 36000 crops, device=cuda
[berlin] epoch 12/24 loss=2.0166
[berlin] epoch 13/24 36000 crops, device=cuda
[berlin] epoch 13/24 loss=2.0108
[berlin] epoch 14/24 36000 crops, device=cuda
[berlin] epoch 14/24 loss=2.0200
[berlin] epoch 15/24 36000 crops, device=cuda
[berlin] epoch 15/24 loss=2.0158
[berlin] epoch 16/24 36000 crops, device=cuda
[berlin] epoch 16/24 loss=2.0075
[berlin] epoch 17/24 36000 crops, device=cuda
[berlin] epoch 17/24 loss=2.0124
[berlin] epoch 18/24 36000 crops, device=cuda
[berlin] epoch 18/24 loss=2.0024
[berlin] epoch 19/24 36000 crops, device=cuda
[berlin] epoch 19/24 loss=1.9991
[berlin] epoch 20/24 36000 crops, device=cuda
[berlin] epoch 20/24 loss=1.9973
[berlin] epoch 21/24 36000 crops, device=cuda
[berlin] epoch 21/24 loss=1.9957
[berlin] epoch 22/24 36000 crops, device=cuda
[berlin] epoch 22/24 loss=2.0008
[berlin] epoch 23/24 36000 crops, device=cuda
[berlin] epoch 23/24 loss=1.9945
[berlin] epoch 24/24 36000 crops, device=cuda
[berlin] epoch 24/24 loss=1.9886
{"area": "berlin", "n_train_crops": 36000, "epochs": 8, "device": "cuda", "train_seconds": 2683.8, "onnx_bytes": 1094739, "init": "pretrained:mobilenet_v3_small IMAGENET1K_V1 features[0..8] (torchvision, BSD-3)", "train_realizations": 3, "epoch_location_resampling": true, "total_epochs_run": 24, "epoch_mult": 3, "lr_schedule": "cosine-per-step to 0 over 13512 steps", "confusability_alpha": 0.5, "cell_weight_ratio_p90_p10": 3.926471832025122, "conf_shift": -0.9000160098075867, "cal_logit_threshold": -1.7472138404846191, "cal_keep_rate_per_bucket": {"morning": 0.6325, "midday": 0.625, "afternoon": 0.585, "early_evening": 0.6125, "evening": 0.565, "night": 0.4}}
