/workspace/low-light-geolocalization-autoresearch/model/model.py:218: TracerWarning: Converting a tensor to a Python boolean might cause the trace to be incorrect. We can't record the data flow of Python values, so this value will be treated as a constant in the future. This means that the trace might not generalize to other inputs!
  if return_logits:
[prignitz] epoch 1/24 36000 crops, device=cuda
[prignitz] epoch 1/24 loss=2.1159
[prignitz] epoch 2/24 36000 crops, device=cuda
[prignitz] epoch 2/24 loss=2.0511
[prignitz] epoch 3/24 36000 crops, device=cuda
[prignitz] epoch 3/24 loss=2.0454
[prignitz] epoch 4/24 36000 crops, device=cuda
[prignitz] epoch 4/24 loss=2.0429
[prignitz] epoch 5/24 36000 crops, device=cuda
[prignitz] epoch 5/24 loss=2.0386
[prignitz] epoch 6/24 36000 crops, device=cuda
[prignitz] epoch 6/24 loss=2.0343
[prignitz] epoch 7/24 36000 crops, device=cuda
[prignitz] epoch 7/24 loss=2.0355
[prignitz] epoch 8/24 36000 crops, device=cuda
[prignitz] epoch 8/24 loss=2.0403
[prignitz] epoch 9/24 36000 crops, device=cuda
[prignitz] epoch 9/24 loss=2.0470
[prignitz] epoch 10/24 36000 crops, device=cuda
[prignitz] epoch 10/24 loss=2.0478
[prignitz] epoch 11/24 36000 crops, device=cuda
[prignitz] epoch 11/24 loss=2.0468
[prignitz] epoch 12/24 36000 crops, device=cuda
[prignitz] epoch 12/24 loss=2.0444
[prignitz] epoch 13/24 36000 crops, device=cuda
[prignitz] epoch 13/24 loss=2.0517
[prignitz] epoch 14/24 36000 crops, device=cuda
[prignitz] epoch 14/24 loss=2.0452
[prignitz] epoch 15/24 36000 crops, device=cuda
[prignitz] epoch 15/24 loss=2.0400
[prignitz] epoch 16/24 36000 crops, device=cuda
[prignitz] epoch 16/24 loss=2.0370
[prignitz] epoch 17/24 36000 crops, device=cuda
[prignitz] epoch 17/24 loss=2.0353
[prignitz] epoch 18/24 36000 crops, device=cuda
[prignitz] epoch 18/24 loss=2.0291
[prignitz] epoch 19/24 36000 crops, device=cuda
[prignitz] epoch 19/24 loss=2.0303
[prignitz] epoch 20/24 36000 crops, device=cuda
[prignitz] epoch 20/24 loss=2.0289
[prignitz] epoch 21/24 36000 crops, device=cuda
[prignitz] epoch 21/24 loss=2.0235
[prignitz] epoch 22/24 36000 crops, device=cuda
[prignitz] epoch 22/24 loss=2.0222
[prignitz] epoch 23/24 36000 crops, device=cuda
[prignitz] epoch 23/24 loss=2.0230
[prignitz] epoch 24/24 36000 crops, device=cuda
[prignitz] epoch 24/24 loss=2.0190
{"area": "prignitz", "n_train_crops": 36000, "epochs": 8, "device": "cuda", "train_seconds": 2495.8, "onnx_bytes": 1094739, "init": "pretrained:mobilenet_v3_small IMAGENET1K_V1 features[0..8] (torchvision, BSD-3)", "train_realizations": 3, "epoch_location_resampling": true, "total_epochs_run": 24, "epoch_mult": 3, "lr_schedule": "cosine-per-step to 0 over 13512 steps", "confusability_alpha": 0.5, "cell_weight_ratio_p90_p10": 3.028598520134326, "conf_shift": -1.039585828781128, "cal_logit_threshold": -1.8867837429046632, "cal_keep_rate_per_bucket": {"morning": 0.85, "midday": 0.915, "afternoon": 0.865, "early_evening": 0.8125, "evening": 0.77, "night": 0.4}}
