/workspace/low-light-geolocalization-autoresearch/model/model.py:218: TracerWarning: Converting a tensor to a Python boolean might cause the trace to be incorrect. We can't record the data flow of Python values, so this value will be treated as a constant in the future. This means that the trace might not generalize to other inputs!
  if return_logits:
[munich] epoch 1/24 36000 crops, device=cuda
[munich] epoch 1/24 loss=2.0868
[munich] epoch 2/24 36000 crops, device=cuda
[munich] epoch 2/24 loss=1.9965
[munich] epoch 3/24 36000 crops, device=cuda
[munich] epoch 3/24 loss=1.9901
[munich] epoch 4/24 36000 crops, device=cuda
[munich] epoch 4/24 loss=1.9847
[munich] epoch 5/24 36000 crops, device=cuda
[munich] epoch 5/24 loss=1.9783
[munich] epoch 6/24 36000 crops, device=cuda
[munich] epoch 6/24 loss=1.9683
[munich] epoch 7/24 36000 crops, device=cuda
[munich] epoch 7/24 loss=1.9651
[munich] epoch 8/24 36000 crops, device=cuda
[munich] epoch 8/24 loss=1.9607
[munich] epoch 9/24 36000 crops, device=cuda
[munich] epoch 9/24 loss=1.9576
[munich] epoch 10/24 36000 crops, device=cuda
[munich] epoch 10/24 loss=1.9545
[munich] epoch 11/24 36000 crops, device=cuda
[munich] epoch 11/24 loss=1.9499
[munich] epoch 12/24 36000 crops, device=cuda
[munich] epoch 12/24 loss=1.9443
[munich] epoch 13/24 36000 crops, device=cuda
[munich] epoch 13/24 loss=1.9459
[munich] epoch 14/24 36000 crops, device=cuda
[munich] epoch 14/24 loss=1.9381
[munich] epoch 15/24 36000 crops, device=cuda
[munich] epoch 15/24 loss=1.9358
[munich] epoch 16/24 36000 crops, device=cuda
[munich] epoch 16/24 loss=1.9338
[munich] epoch 17/24 36000 crops, device=cuda
[munich] epoch 17/24 loss=1.9261
[munich] epoch 18/24 36000 crops, device=cuda
[munich] epoch 18/24 loss=1.9299
[munich] epoch 19/24 36000 crops, device=cuda
[munich] epoch 19/24 loss=1.9222
[munich] epoch 20/24 36000 crops, device=cuda
[munich] epoch 20/24 loss=1.9173
[munich] epoch 21/24 36000 crops, device=cuda
[munich] epoch 21/24 loss=1.9160
[munich] epoch 22/24 36000 crops, device=cuda
[munich] epoch 22/24 loss=1.9110
[munich] epoch 23/24 36000 crops, device=cuda
[munich] epoch 23/24 loss=1.9111
[munich] epoch 24/24 36000 crops, device=cuda
[munich] epoch 24/24 loss=1.9104
{"area": "munich", "n_train_crops": 36000, "epochs": 8, "device": "cuda", "train_seconds": 2837.2, "onnx_bytes": 1094739, "init": "pretrained:mobilenet_v3_small IMAGENET1K_V1 features[0..8] (torchvision, BSD-3)", "train_realizations": 3, "epoch_location_resampling": true, "total_epochs_run": 24, "epoch_mult": 3, "lr_schedule": "cosine-per-step to 0 over 13512 steps", "confusability_alpha": 0.5, "cell_weight_ratio_p90_p10": 3.622722257614272, "conf_shift": -0.8429064154624939, "cal_logit_threshold": -1.6901042938232422, "cal_keep_rate_per_bucket": {"morning": 0.725, "midday": 0.72, "afternoon": 0.765, "early_evening": 0.7275, "evening": 0.6625, "night": 0.4}}
