[berlin] epoch 1/8 36000 crops, device=cuda
[berlin] epoch 1/8 loss=6.3218
[berlin] epoch 2/8 36000 crops, device=cuda
[berlin] epoch 2/8 loss=5.8676
[berlin] epoch 3/8 36000 crops, device=cuda
[berlin] epoch 3/8 loss=5.6560
[berlin] epoch 4/8 36000 crops, device=cuda
[berlin] epoch 4/8 loss=5.5056
[berlin] epoch 5/8 36000 crops, device=cuda
[berlin] epoch 5/8 loss=5.3771
[berlin] epoch 6/8 36000 crops, device=cuda
[berlin] epoch 6/8 loss=5.2759
[berlin] epoch 7/8 36000 crops, device=cuda
[berlin] epoch 7/8 loss=5.2008
[berlin] epoch 8/8 36000 crops, device=cuda
[berlin] epoch 8/8 loss=5.1331
/workspace/low-light-geolocalization-autoresearch/model/model.py:209: TracerWarning: Converting a tensor to a Python boolean might cause the trace to be incorrect. We can't record the data flow of Python values, so this value will be treated as a constant in the future. This means that the trace might not generalize to other inputs!
  if return_logits and return_feat:
/workspace/low-light-geolocalization-autoresearch/model/model.py:211: TracerWarning: Converting a tensor to a Python boolean might cause the trace to be incorrect. We can't record the data flow of Python values, so this value will be treated as a constant in the future. This means that the trace might not generalize to other inputs!
  if return_logits:
{"area": "berlin", "n_train_crops": 36000, "epochs": 8, "device": "cuda", "train_seconds": 1676.0, "onnx_bytes": 3302661, "init": "pretrained:mobilenet_v3_small IMAGENET1K_V1 features[0..8] (torchvision, BSD-3)", "train_realizations": 3, "epoch_location_resampling": true, "recon_aux": {"lambda": 0.3, "target_px": 64}, "epoch_sampler": "preallocated-uint8", "conf_shift": -0.24644556641578674, "cal_logit_threshold": -1.093643426895142, "cal_keep_rate_per_bucket": {"morning": 0.6725, "midday": 0.6675, "afternoon": 0.66, "early_evening": 0.625, "evening": 0.6075, "night": 0.4}}
