[munich] epoch 1/8 36000 crops, device=cuda
[munich] epoch 1/8 loss=6.3388
[munich] epoch 2/8 36000 crops, device=cuda
[munich] epoch 2/8 loss=5.7778
[munich] epoch 3/8 36000 crops, device=cuda
[munich] epoch 3/8 loss=5.5295
[munich] epoch 4/8 36000 crops, device=cuda
[munich] epoch 4/8 loss=5.3781
[munich] epoch 5/8 36000 crops, device=cuda
[munich] epoch 5/8 loss=5.2511
[munich] epoch 6/8 36000 crops, device=cuda
[munich] epoch 6/8 loss=5.1691
[munich] epoch 7/8 36000 crops, device=cuda
[munich] epoch 7/8 loss=5.0850
[munich] epoch 8/8 36000 crops, device=cuda
[munich] epoch 8/8 loss=5.0020
/workspace/low-light-geolocalization-autoresearch/model/model.py:209: TracerWarning: Converting a tensor to a Python boolean might cause the trace to be incorrect. We can't record the data flow of Python values, so this value will be treated as a constant in the future. This means that the trace might not generalize to other inputs!
  if return_logits and return_feat:
/workspace/low-light-geolocalization-autoresearch/model/model.py:211: TracerWarning: Converting a tensor to a Python boolean might cause the trace to be incorrect. We can't record the data flow of Python values, so this value will be treated as a constant in the future. This means that the trace might not generalize to other inputs!
  if return_logits:
{"area": "munich", "n_train_crops": 36000, "epochs": 8, "device": "cuda", "train_seconds": 1739.0, "onnx_bytes": 3302661, "init": "pretrained:mobilenet_v3_small IMAGENET1K_V1 features[0..8] (torchvision, BSD-3)", "train_realizations": 3, "epoch_location_resampling": true, "recon_aux": {"lambda": 0.3, "target_px": 64}, "epoch_sampler": "preallocated-uint8", "conf_shift": -0.16733546555042267, "cal_logit_threshold": -1.01453332901001, "cal_keep_rate_per_bucket": {"morning": 0.78, "midday": 0.7375, "afternoon": 0.805, "early_evening": 0.75, "evening": 0.7475, "night": 0.4}}
