/workspace/low-light-geolocalization-autoresearch/model/model.py:200: TracerWarning: Converting a tensor to a Python boolean might cause the trace to be incorrect. We can't record the data flow of Python values, so this value will be treated as a constant in the future. This means that the trace might not generalize to other inputs!
  if return_logits:
[munich] epoch 1/24 36000 crops, device=cuda
[munich] epoch 1/24 loss=6.3097
[munich] epoch 2/24 36000 crops, device=cuda
[munich] epoch 2/24 loss=5.7622
[munich] epoch 3/24 36000 crops, device=cuda
[munich] epoch 3/24 loss=5.5167
[munich] epoch 4/24 36000 crops, device=cuda
[munich] epoch 4/24 loss=5.3655
[munich] epoch 5/24 36000 crops, device=cuda
[munich] epoch 5/24 loss=5.2479
[munich] epoch 6/24 36000 crops, device=cuda
[munich] epoch 6/24 loss=5.1602
[munich] epoch 7/24 36000 crops, device=cuda
[munich] epoch 7/24 loss=5.0725
[munich] epoch 8/24 36000 crops, device=cuda
[munich] epoch 8/24 loss=5.0044
[munich] epoch 9/24 36000 crops, device=cuda
[munich] epoch 9/24 loss=4.9509
[munich] epoch 10/24 36000 crops, device=cuda
[munich] epoch 10/24 loss=4.8995
[munich] epoch 11/24 36000 crops, device=cuda
[munich] epoch 11/24 loss=4.8789
[munich] epoch 12/24 36000 crops, device=cuda
[munich] epoch 12/24 loss=4.8252
[munich] epoch 13/24 36000 crops, device=cuda
[munich] epoch 13/24 loss=4.8010
[munich] epoch 14/24 36000 crops, device=cuda
[munich] epoch 14/24 loss=4.7702
[munich] epoch 15/24 36000 crops, device=cuda
[munich] epoch 15/24 loss=4.7471
[munich] epoch 16/24 36000 crops, device=cuda
[munich] epoch 16/24 loss=4.7249
[munich] epoch 17/24 36000 crops, device=cuda
[munich] epoch 17/24 loss=4.7161
[munich] epoch 18/24 36000 crops, device=cuda
[munich] epoch 18/24 loss=4.7122
[munich] epoch 19/24 36000 crops, device=cuda
[munich] epoch 19/24 loss=4.6959
[munich] epoch 20/24 36000 crops, device=cuda
[munich] epoch 20/24 loss=4.6861
[munich] epoch 21/24 36000 crops, device=cuda
[munich] epoch 21/24 loss=4.6830
[munich] epoch 22/24 36000 crops, device=cuda
[munich] epoch 22/24 loss=4.6701
[munich] epoch 23/24 36000 crops, device=cuda
[munich] epoch 23/24 loss=4.6621
[munich] epoch 24/24 36000 crops, device=cuda
[munich] epoch 24/24 loss=4.6694
{"area": "munich", "n_train_crops": 36000, "epochs": 8, "device": "cuda", "train_seconds": 2818.3, "onnx_bytes": 3302661, "init": "pretrained:mobilenet_v3_small IMAGENET1K_V1 features[0..8] (torchvision, BSD-3)", "train_realizations": 3, "epoch_location_resampling": true, "total_epochs_run": 24, "epoch_mult": 3, "lr_schedule": "cosine-per-step to 0 over 13512 steps", "conf_shift": 0.5688016414642334, "cal_logit_threshold": -0.2783962070941929, "cal_keep_rate_per_bucket": {"morning": 0.765, "midday": 0.7275, "afternoon": 0.7825, "early_evening": 0.765, "evening": 0.68, "night": 0.4}}
