/workspace/low-light-geolocalization-autoresearch/model/model.py:200: TracerWarning: Converting a tensor to a Python boolean might cause the trace to be incorrect. We can't record the data flow of Python values, so this value will be treated as a constant in the future. This means that the trace might not generalize to other inputs!
  if return_logits:
[prignitz] epoch 1/24 36000 crops, device=cuda
[prignitz] epoch 1/24 loss=6.1732
[prignitz] epoch 2/24 36000 crops, device=cuda
[prignitz] epoch 2/24 loss=5.5043
[prignitz] epoch 3/24 36000 crops, device=cuda
[prignitz] epoch 3/24 loss=5.2613
[prignitz] epoch 4/24 36000 crops, device=cuda
[prignitz] epoch 4/24 loss=5.1036
[prignitz] epoch 5/24 36000 crops, device=cuda
[prignitz] epoch 5/24 loss=4.9957
[prignitz] epoch 6/24 36000 crops, device=cuda
[prignitz] epoch 6/24 loss=4.9151
[prignitz] epoch 7/24 36000 crops, device=cuda
[prignitz] epoch 7/24 loss=4.8429
[prignitz] epoch 8/24 36000 crops, device=cuda
[prignitz] epoch 8/24 loss=4.7830
[prignitz] epoch 9/24 36000 crops, device=cuda
[prignitz] epoch 9/24 loss=4.7472
[prignitz] epoch 10/24 36000 crops, device=cuda
[prignitz] epoch 10/24 loss=4.7047
[prignitz] epoch 11/24 36000 crops, device=cuda
[prignitz] epoch 11/24 loss=4.6699
[prignitz] epoch 12/24 36000 crops, device=cuda
[prignitz] epoch 12/24 loss=4.6368
[prignitz] epoch 13/24 36000 crops, device=cuda
[prignitz] epoch 13/24 loss=4.6272
[prignitz] epoch 14/24 36000 crops, device=cuda
[prignitz] epoch 14/24 loss=4.5927
[prignitz] epoch 15/24 36000 crops, device=cuda
[prignitz] epoch 15/24 loss=4.5780
[prignitz] epoch 16/24 36000 crops, device=cuda
[prignitz] epoch 16/24 loss=4.5586
[prignitz] epoch 17/24 36000 crops, device=cuda
[prignitz] epoch 17/24 loss=4.5454
[prignitz] epoch 18/24 36000 crops, device=cuda
[prignitz] epoch 18/24 loss=4.5385
[prignitz] epoch 19/24 36000 crops, device=cuda
[prignitz] epoch 19/24 loss=4.5207
[prignitz] epoch 20/24 36000 crops, device=cuda
[prignitz] epoch 20/24 loss=4.5211
[prignitz] epoch 21/24 36000 crops, device=cuda
[prignitz] epoch 21/24 loss=4.5178
[prignitz] epoch 22/24 36000 crops, device=cuda
[prignitz] epoch 22/24 loss=4.5113
[prignitz] epoch 23/24 36000 crops, device=cuda
[prignitz] epoch 23/24 loss=4.5045
[prignitz] epoch 24/24 36000 crops, device=cuda
[prignitz] epoch 24/24 loss=4.5139
{"area": "prignitz", "n_train_crops": 36000, "epochs": 8, "device": "cuda", "train_seconds": 2455.5, "onnx_bytes": 3302661, "init": "pretrained:mobilenet_v3_small IMAGENET1K_V1 features[0..8] (torchvision, BSD-3)", "train_realizations": 3, "epoch_location_resampling": true, "total_epochs_run": 24, "epoch_mult": 3, "lr_schedule": "cosine-per-step to 0 over 13512 steps", "conf_shift": 0.6832275986671448, "cal_logit_threshold": -0.16397026479244273, "cal_keep_rate_per_bucket": {"morning": 0.8425, "midday": 0.8725, "afternoon": 0.8775, "early_evening": 0.8575, "evening": 0.74, "night": 0.4}}
