/workspace/low-light-geolocalization-autoresearch/model/model.py:200: TracerWarning: Converting a tensor to a Python boolean might cause the trace to be incorrect. We can't record the data flow of Python values, so this value will be treated as a constant in the future. This means that the trace might not generalize to other inputs!
  if return_logits:
[berlin] epoch 1/24 36000 crops, device=cuda
[berlin] epoch 1/24 loss=6.2899
[berlin] epoch 2/24 36000 crops, device=cuda
[berlin] epoch 2/24 loss=5.8384
[berlin] epoch 3/24 36000 crops, device=cuda
[berlin] epoch 3/24 loss=5.6279
[berlin] epoch 4/24 36000 crops, device=cuda
[berlin] epoch 4/24 loss=5.4856
[berlin] epoch 5/24 36000 crops, device=cuda
[berlin] epoch 5/24 loss=5.3603
[berlin] epoch 6/24 36000 crops, device=cuda
[berlin] epoch 6/24 loss=5.2620
[berlin] epoch 7/24 36000 crops, device=cuda
[berlin] epoch 7/24 loss=5.1922
[berlin] epoch 8/24 36000 crops, device=cuda
[berlin] epoch 8/24 loss=5.1359
[berlin] epoch 9/24 36000 crops, device=cuda
[berlin] epoch 9/24 loss=5.0625
[berlin] epoch 10/24 36000 crops, device=cuda
[berlin] epoch 10/24 loss=5.0217
[berlin] epoch 11/24 36000 crops, device=cuda
[berlin] epoch 11/24 loss=4.9762
[berlin] epoch 12/24 36000 crops, device=cuda
[berlin] epoch 12/24 loss=4.9384
[berlin] epoch 13/24 36000 crops, device=cuda
[berlin] epoch 13/24 loss=4.9090
[berlin] epoch 14/24 36000 crops, device=cuda
[berlin] epoch 14/24 loss=4.8805
[berlin] epoch 15/24 36000 crops, device=cuda
[berlin] epoch 15/24 loss=4.8635
[berlin] epoch 16/24 36000 crops, device=cuda
[berlin] epoch 16/24 loss=4.8403
[berlin] epoch 17/24 36000 crops, device=cuda
[berlin] epoch 17/24 loss=4.8165
[berlin] epoch 18/24 36000 crops, device=cuda
[berlin] epoch 18/24 loss=4.8126
[berlin] epoch 19/24 36000 crops, device=cuda
[berlin] epoch 19/24 loss=4.7908
[berlin] epoch 20/24 36000 crops, device=cuda
[berlin] epoch 20/24 loss=4.8052
[berlin] epoch 21/24 36000 crops, device=cuda
[berlin] epoch 21/24 loss=4.7895
[berlin] epoch 22/24 36000 crops, device=cuda
[berlin] epoch 22/24 loss=4.7815
[berlin] epoch 23/24 36000 crops, device=cuda
[berlin] epoch 23/24 loss=4.7771
[berlin] epoch 24/24 36000 crops, device=cuda
[berlin] epoch 24/24 loss=4.7918
{"area": "berlin", "n_train_crops": 36000, "epochs": 8, "device": "cuda", "train_seconds": 2674.3, "onnx_bytes": 3302661, "init": "pretrained:mobilenet_v3_small IMAGENET1K_V1 features[0..8] (torchvision, BSD-3)", "train_realizations": 3, "epoch_location_resampling": true, "total_epochs_run": 24, "epoch_mult": 3, "lr_schedule": "cosine-per-step to 0 over 13512 steps", "conf_shift": 0.21366706490516663, "cal_logit_threshold": -0.6335307955741885, "cal_keep_rate_per_bucket": {"morning": 0.7625, "midday": 0.7375, "afternoon": 0.7425, "early_evening": 0.7175, "evening": 0.695, "night": 0.4}}
