/workspace/low-light-geolocalization-autoresearch/model/model.py:283: TracerWarning: Converting a tensor to a Python boolean might cause the trace to be incorrect. We can't record the data flow of Python values, so this value will be treated as a constant in the future. This means that the trace might not generalize to other inputs!
  if return_logits:
[munich] epoch 1/24 36000 crops, device=cuda
[munich] epoch 1/24 loss=4.2127
[munich] epoch 2/24 36000 crops, device=cuda
[munich] epoch 2/24 loss=3.8528
[munich] epoch 3/24 36000 crops, device=cuda
[munich] epoch 3/24 loss=3.7150
[munich] epoch 4/24 36000 crops, device=cuda
[munich] epoch 4/24 loss=3.6217
[munich] epoch 5/24 36000 crops, device=cuda
[munich] epoch 5/24 loss=3.5605
[munich] epoch 6/24 36000 crops, device=cuda
[munich] epoch 6/24 loss=3.5079
[munich] epoch 7/24 36000 crops, device=cuda
[munich] epoch 7/24 loss=3.4630
[munich] epoch 8/24 36000 crops, device=cuda
[munich] epoch 8/24 loss=3.4245
[munich] epoch 9/24 36000 crops, device=cuda
[munich] epoch 9/24 loss=3.3937
[munich] epoch 10/24 36000 crops, device=cuda
[munich] epoch 10/24 loss=3.3730
[munich] epoch 11/24 36000 crops, device=cuda
[munich] epoch 11/24 loss=3.3509
[munich] epoch 12/24 36000 crops, device=cuda
[munich] epoch 12/24 loss=3.3349
[munich] epoch 13/24 36000 crops, device=cuda
[munich] epoch 13/24 loss=3.3188
[munich] epoch 14/24 36000 crops, device=cuda
[munich] epoch 14/24 loss=3.2977
[munich] epoch 15/24 36000 crops, device=cuda
[munich] epoch 15/24 loss=3.2834
[munich] epoch 16/24 36000 crops, device=cuda
[munich] epoch 16/24 loss=3.2844
[munich] epoch 17/24 36000 crops, device=cuda
[munich] epoch 17/24 loss=3.2869
[munich] epoch 18/24 36000 crops, device=cuda
[munich] epoch 18/24 loss=3.2669
[munich] epoch 19/24 36000 crops, device=cuda
[munich] epoch 19/24 loss=3.2717
[munich] epoch 20/24 36000 crops, device=cuda
[munich] epoch 20/24 loss=3.2619
[munich] epoch 21/24 36000 crops, device=cuda
[munich] epoch 21/24 loss=3.2711
[munich] epoch 22/24 36000 crops, device=cuda
[munich] epoch 22/24 loss=3.2628
[munich] epoch 23/24 36000 crops, device=cuda
[munich] epoch 23/24 loss=3.2628
[munich] epoch 24/24 36000 crops, device=cuda
[munich] epoch 24/24 loss=3.2554
{"area": "munich", "n_train_crops": 36000, "epochs": 8, "device": "cuda", "train_seconds": 3097.2, "onnx_bytes": 814961, "init": "pretrained:mobilenet_v3_small IMAGENET1K_V1 features[0..8] (torchvision, BSD-3)", "train_realizations": 3, "epoch_location_resampling": true, "total_epochs_run": 24, "epoch_mult": 3, "lr_schedule": "cosine-per-step to 0 over 13512 steps (offset_head at 0.3x for the first 1126 steps)", "confusability_alpha": 0.5, "cell_weight_ratio_p90_p10": 4.7336437420487085, "grid_k": 8, "target_sigma_cells": 0.9, "offset_warmup_epochs": 2, "offset_warmup_mult": 0.3, "conf_shift": -1.7521276473999023, "cal_logit_threshold": -2.5993254661560066, "cal_keep_rate_per_bucket": {"morning": 0.835, "midday": 0.7925, "afternoon": 0.845, "early_evening": 0.8575, "evening": 0.7425, "night": 0.4}}
