/workspace/low-light-geolocalization-autoresearch/model/model.py:283: TracerWarning: Converting a tensor to a Python boolean might cause the trace to be incorrect. We can't record the data flow of Python values, so this value will be treated as a constant in the future. This means that the trace might not generalize to other inputs!
  if return_logits:
[prignitz] epoch 1/24 36000 crops, device=cuda
[prignitz] epoch 1/24 loss=4.1467
[prignitz] epoch 2/24 36000 crops, device=cuda
[prignitz] epoch 2/24 loss=3.7834
[prignitz] epoch 3/24 36000 crops, device=cuda
[prignitz] epoch 3/24 loss=3.6160
[prignitz] epoch 4/24 36000 crops, device=cuda
[prignitz] epoch 4/24 loss=3.4930
[prignitz] epoch 5/24 36000 crops, device=cuda
[prignitz] epoch 5/24 loss=3.4236
[prignitz] epoch 6/24 36000 crops, device=cuda
[prignitz] epoch 6/24 loss=3.3736
[prignitz] epoch 7/24 36000 crops, device=cuda
[prignitz] epoch 7/24 loss=3.3227
[prignitz] epoch 8/24 36000 crops, device=cuda
[prignitz] epoch 8/24 loss=3.2945
[prignitz] epoch 9/24 36000 crops, device=cuda
[prignitz] epoch 9/24 loss=3.2604
[prignitz] epoch 10/24 36000 crops, device=cuda
[prignitz] epoch 10/24 loss=3.2448
[prignitz] epoch 11/24 36000 crops, device=cuda
[prignitz] epoch 11/24 loss=3.2314
[prignitz] epoch 12/24 36000 crops, device=cuda
[prignitz] epoch 12/24 loss=3.2092
[prignitz] epoch 13/24 36000 crops, device=cuda
[prignitz] epoch 13/24 loss=3.1968
[prignitz] epoch 14/24 36000 crops, device=cuda
[prignitz] epoch 14/24 loss=3.1859
[prignitz] epoch 15/24 36000 crops, device=cuda
[prignitz] epoch 15/24 loss=3.1787
[prignitz] epoch 16/24 36000 crops, device=cuda
[prignitz] epoch 16/24 loss=3.1668
[prignitz] epoch 17/24 36000 crops, device=cuda
[prignitz] epoch 17/24 loss=3.1668
[prignitz] epoch 18/24 36000 crops, device=cuda
[prignitz] epoch 18/24 loss=3.1662
[prignitz] epoch 19/24 36000 crops, device=cuda
[prignitz] epoch 19/24 loss=3.1511
[prignitz] epoch 20/24 36000 crops, device=cuda
[prignitz] epoch 20/24 loss=3.1500
[prignitz] epoch 21/24 36000 crops, device=cuda
[prignitz] epoch 21/24 loss=3.1522
[prignitz] epoch 22/24 36000 crops, device=cuda
[prignitz] epoch 22/24 loss=3.1467
[prignitz] epoch 23/24 36000 crops, device=cuda
[prignitz] epoch 23/24 loss=3.1471
[prignitz] epoch 24/24 36000 crops, device=cuda
[prignitz] epoch 24/24 loss=3.1440
{"area": "prignitz", "n_train_crops": 36000, "epochs": 8, "device": "cuda", "train_seconds": 2736.5, "onnx_bytes": 814961, "init": "pretrained:mobilenet_v3_small IMAGENET1K_V1 features[0..8] (torchvision, BSD-3)", "train_realizations": 3, "epoch_location_resampling": true, "total_epochs_run": 24, "epoch_mult": 3, "lr_schedule": "cosine-per-step to 0 over 13512 steps (offset_head at 0.3x for the first 1126 steps)", "confusability_alpha": 0.5, "cell_weight_ratio_p90_p10": 2.703440193778771, "grid_k": 8, "target_sigma_cells": 0.9, "offset_warmup_epochs": 2, "offset_warmup_mult": 0.3, "conf_shift": -1.6680285930633545, "cal_logit_threshold": -2.515226459503174, "cal_keep_rate_per_bucket": {"morning": 0.9575, "midday": 0.97, "afternoon": 0.95, "early_evening": 0.935, "evening": 0.79, "night": 0.4}}
