/workspace/low-light-geolocalization-autoresearch/model/model.py:283: TracerWarning: Converting a tensor to a Python boolean might cause the trace to be incorrect. We can't record the data flow of Python values, so this value will be treated as a constant in the future. This means that the trace might not generalize to other inputs!
  if return_logits:
[berlin] epoch 1/24 36000 crops, device=cuda
[berlin] epoch 1/24 loss=4.1683
[berlin] epoch 2/24 36000 crops, device=cuda
[berlin] epoch 2/24 loss=3.8308
[berlin] epoch 3/24 36000 crops, device=cuda
[berlin] epoch 3/24 loss=3.7056
[berlin] epoch 4/24 36000 crops, device=cuda
[berlin] epoch 4/24 loss=3.6280
[berlin] epoch 5/24 36000 crops, device=cuda
[berlin] epoch 5/24 loss=3.5648
[berlin] epoch 6/24 36000 crops, device=cuda
[berlin] epoch 6/24 loss=3.5167
[berlin] epoch 7/24 36000 crops, device=cuda
[berlin] epoch 7/24 loss=3.4798
[berlin] epoch 8/24 36000 crops, device=cuda
[berlin] epoch 8/24 loss=3.4547
[berlin] epoch 9/24 36000 crops, device=cuda
[berlin] epoch 9/24 loss=3.4225
[berlin] epoch 10/24 36000 crops, device=cuda
[berlin] epoch 10/24 loss=3.4032
[berlin] epoch 11/24 36000 crops, device=cuda
[berlin] epoch 11/24 loss=3.3822
[berlin] epoch 12/24 36000 crops, device=cuda
[berlin] epoch 12/24 loss=3.3523
[berlin] epoch 13/24 36000 crops, device=cuda
[berlin] epoch 13/24 loss=3.3546
[berlin] epoch 14/24 36000 crops, device=cuda
[berlin] epoch 14/24 loss=3.3300
[berlin] epoch 15/24 36000 crops, device=cuda
[berlin] epoch 15/24 loss=3.3208
[berlin] epoch 16/24 36000 crops, device=cuda
[berlin] epoch 16/24 loss=3.3169
[berlin] epoch 17/24 36000 crops, device=cuda
[berlin] epoch 17/24 loss=3.3200
[berlin] epoch 18/24 36000 crops, device=cuda
[berlin] epoch 18/24 loss=3.3123
[berlin] epoch 19/24 36000 crops, device=cuda
[berlin] epoch 19/24 loss=3.2994
[berlin] epoch 20/24 36000 crops, device=cuda
[berlin] epoch 20/24 loss=3.3008
[berlin] epoch 21/24 36000 crops, device=cuda
[berlin] epoch 21/24 loss=3.2949
[berlin] epoch 22/24 36000 crops, device=cuda
[berlin] epoch 22/24 loss=3.2924
[berlin] epoch 23/24 36000 crops, device=cuda
[berlin] epoch 23/24 loss=3.2990
[berlin] epoch 24/24 36000 crops, device=cuda
[berlin] epoch 24/24 loss=3.2876
{"area": "berlin", "n_train_crops": 36000, "epochs": 8, "device": "cuda", "train_seconds": 2954.2, "onnx_bytes": 814961, "init": "pretrained:mobilenet_v3_small IMAGENET1K_V1 features[0..8] (torchvision, BSD-3)", "train_realizations": 3, "epoch_location_resampling": true, "total_epochs_run": 24, "epoch_mult": 3, "lr_schedule": "cosine-per-step to 0 over 13512 steps (offset_head at 0.3x for the first 1126 steps)", "confusability_alpha": 0.5, "cell_weight_ratio_p90_p10": 5.130435451927609, "grid_k": 8, "target_sigma_cells": 0.9, "offset_warmup_epochs": 2, "offset_warmup_mult": 0.3, "conf_shift": -1.5909652709960938, "cal_logit_threshold": -2.4381631851196297, "cal_keep_rate_per_bucket": {"morning": 0.6725, "midday": 0.705, "afternoon": 0.6575, "early_evening": 0.6725, "evening": 0.5775, "night": 0.4}}
