/workspace/low-light-geolocalization-autoresearch/model/model.py:225: TracerWarning: Converting a tensor to a Python boolean might cause the trace to be incorrect. We can't record the data flow of Python values, so this value will be treated as a constant in the future. This means that the trace might not generalize to other inputs!
  if return_logits:
WARNING:root:Please consider to run pre-processing before quantization. Refer to example: https://github.com/microsoft/onnxruntime-inference-examples/blob/main/quantization/image_classification/cpu/ReadMe.md 
[munich] epoch 1/24 36000 crops, device=cuda
[munich] epoch 1/24 loss=6.4177
[munich] epoch 2/24 36000 crops, device=cuda
[munich] epoch 2/24 loss=5.8263
[munich] epoch 3/24 36000 crops, device=cuda
[munich] epoch 3/24 loss=5.5953
[munich] epoch 4/24 36000 crops, device=cuda
[munich] epoch 4/24 loss=5.4456
[munich] epoch 5/24 36000 crops, device=cuda
[munich] epoch 5/24 loss=5.3343
[munich] epoch 6/24 36000 crops, device=cuda
[munich] epoch 6/24 loss=5.2592
[munich] epoch 7/24 36000 crops, device=cuda
[munich] epoch 7/24 loss=5.1778
[munich] epoch 8/24 36000 crops, device=cuda
[munich] epoch 8/24 loss=5.1103
[munich] epoch 9/24 36000 crops, device=cuda
[munich] epoch 9/24 loss=5.0583
[munich] epoch 10/24 36000 crops, device=cuda
[munich] epoch 10/24 loss=5.0044
[munich] epoch 11/24 36000 crops, device=cuda
[munich] epoch 11/24 loss=4.9764
[munich] epoch 12/24 36000 crops, device=cuda
[munich] epoch 12/24 loss=4.9219
[munich] epoch 13/24 36000 crops, device=cuda
[munich] epoch 13/24 loss=4.8980
[munich] epoch 14/24 36000 crops, device=cuda
[munich] epoch 14/24 loss=4.8744
[munich] epoch 15/24 36000 crops, device=cuda
[munich] epoch 15/24 loss=4.8389
[munich] epoch 16/24 36000 crops, device=cuda
[munich] epoch 16/24 loss=4.8287
[munich] epoch 17/24 36000 crops, device=cuda
[munich] epoch 17/24 loss=4.8196
[munich] epoch 18/24 36000 crops, device=cuda
[munich] epoch 18/24 loss=4.7998
[munich] epoch 19/24 36000 crops, device=cuda
[munich] epoch 19/24 loss=4.7960
[munich] epoch 20/24 36000 crops, device=cuda
[munich] epoch 20/24 loss=4.7788
[munich] epoch 21/24 36000 crops, device=cuda
[munich] epoch 21/24 loss=4.7720
[munich] epoch 22/24 36000 crops, device=cuda
[munich] epoch 22/24 loss=4.7620
[munich] epoch 23/24 36000 crops, device=cuda
[munich] epoch 23/24 loss=4.7566
[munich] epoch 24/24 36000 crops, device=cuda
[munich] epoch 24/24 loss=4.7586
{"area": "munich", "n_train_crops": 36000, "epochs": 8, "device": "cuda", "train_seconds": 2892.9, "onnx_bytes": 2550153, "init": "pretrained:mobilenet_v3_small IMAGENET1K_V1 features[0..8] (torchvision, BSD-3); fresh-initialized day/dusk/night specialist heads + supervised dispatcher", "dispatch_ce_weight": 0.3, "regimes": "day{morning,midday,afternoon} dusk{early_evening,evening} night{night}", "train_realizations": 3, "epoch_location_resampling": true, "total_epochs_run": 24, "epoch_mult": 3, "lr_schedule": "cosine-per-step to 0 over 13512 steps", "conf_shift": 0.1775355488061905, "cal_logit_threshold": -0.6696623086929329, "cal_keep_rate_per_bucket": {"morning": 0.8125, "midday": 0.7525, "afternoon": 0.8225, "early_evening": 0.7325, "evening": 0.705, "night": 0.4}}
