/workspace/low-light-geolocalization-autoresearch/model/model.py:234: TracerWarning: Converting a tensor to a Python boolean might cause the trace to be incorrect. We can't record the data flow of Python values, so this value will be treated as a constant in the future. This means that the trace might not generalize to other inputs!
  if return_logits:
[munich] epoch 1/24 36000 crops, device=cuda
[munich] epoch 1/24 loss=7.1142
[munich] epoch 2/24 36000 crops, device=cuda
[munich] epoch 2/24 loss=6.4518
[munich] epoch 3/24 36000 crops, device=cuda
[munich] epoch 3/24 loss=6.1576
[munich] epoch 4/24 36000 crops, device=cuda
[munich] epoch 4/24 loss=5.9638
[munich] epoch 5/24 36000 crops, device=cuda
[munich] epoch 5/24 loss=5.7982
[munich] epoch 6/24 36000 crops, device=cuda
[munich] epoch 6/24 loss=5.6650
[munich] epoch 7/24 36000 crops, device=cuda
[munich] epoch 7/24 loss=5.5569
[munich] epoch 8/24 36000 crops, device=cuda
[munich] epoch 8/24 loss=5.4657
[munich] epoch 9/24 36000 crops, device=cuda
[munich] epoch 9/24 loss=5.3869
[munich] epoch 10/24 36000 crops, device=cuda
[munich] epoch 10/24 loss=5.3279
[munich] epoch 11/24 36000 crops, device=cuda
[munich] epoch 11/24 loss=5.2599
[munich] epoch 12/24 36000 crops, device=cuda
[munich] epoch 12/24 loss=5.2181
[munich] epoch 13/24 36000 crops, device=cuda
[munich] epoch 13/24 loss=5.1777
[munich] epoch 14/24 36000 crops, device=cuda
[munich] epoch 14/24 loss=5.1360
[munich] epoch 15/24 36000 crops, device=cuda
[munich] epoch 15/24 loss=5.0954
[munich] epoch 16/24 36000 crops, device=cuda
[munich] epoch 16/24 loss=5.0723
[munich] epoch 17/24 36000 crops, device=cuda
[munich] epoch 17/24 loss=5.0487
[munich] epoch 18/24 36000 crops, device=cuda
[munich] epoch 18/24 loss=5.0297
[munich] epoch 19/24 36000 crops, device=cuda
[munich] epoch 19/24 loss=5.0193
[munich] epoch 20/24 36000 crops, device=cuda
[munich] epoch 20/24 loss=5.0094
[munich] epoch 21/24 36000 crops, device=cuda
[munich] epoch 21/24 loss=5.0013
[munich] epoch 22/24 36000 crops, device=cuda
[munich] epoch 22/24 loss=4.9973
[munich] epoch 23/24 36000 crops, device=cuda
[munich] epoch 23/24 loss=4.9871
[munich] epoch 24/24 36000 crops, device=cuda
[munich] epoch 24/24 loss=4.9936
{"area": "munich", "n_train_crops": 36000, "epochs": 8, "device": "cuda", "train_seconds": 2983.4, "onnx_bytes": 3302661, "init": "pretrained:mobilenet_v3_small IMAGENET1K_V1 features[0..8] (torchvision, BSD-3)", "train_realizations": 3, "epoch_location_resampling": true, "total_epochs_run": 24, "epoch_mult": 3, "lr_schedule": "cosine-per-step to 0 over 13512 steps", "confusability_alpha": 0.5, "cell_weight_ratio_p90_p10": 3.622722257614272, "margin_alpha": 0.5, "margin_margin": 1.0, "conf_shift": 0.4388844668865204, "cal_logit_threshold": -0.40831340551376344, "cal_keep_rate_per_bucket": {"morning": 0.8575, "midday": 0.825, "afternoon": 0.8675, "early_evening": 0.84, "evening": 0.77, "night": 0.4025}}
