/workspace/low-light-geolocalization-autoresearch/model/model.py:234: TracerWarning: Converting a tensor to a Python boolean might cause the trace to be incorrect. We can't record the data flow of Python values, so this value will be treated as a constant in the future. This means that the trace might not generalize to other inputs!
  if return_logits:
[prignitz] epoch 1/24 36000 crops, device=cuda
[prignitz] epoch 1/24 loss=6.9998
[prignitz] epoch 2/24 36000 crops, device=cuda
[prignitz] epoch 2/24 loss=6.2356
[prignitz] epoch 3/24 36000 crops, device=cuda
[prignitz] epoch 3/24 loss=5.8813
[prignitz] epoch 4/24 36000 crops, device=cuda
[prignitz] epoch 4/24 loss=5.6503
[prignitz] epoch 5/24 36000 crops, device=cuda
[prignitz] epoch 5/24 loss=5.5143
[prignitz] epoch 6/24 36000 crops, device=cuda
[prignitz] epoch 6/24 loss=5.3887
[prignitz] epoch 7/24 36000 crops, device=cuda
[prignitz] epoch 7/24 loss=5.2857
[prignitz] epoch 8/24 36000 crops, device=cuda
[prignitz] epoch 8/24 loss=5.2114
[prignitz] epoch 9/24 36000 crops, device=cuda
[prignitz] epoch 9/24 loss=5.1401
[prignitz] epoch 10/24 36000 crops, device=cuda
[prignitz] epoch 10/24 loss=5.0745
[prignitz] epoch 11/24 36000 crops, device=cuda
[prignitz] epoch 11/24 loss=5.0259
[prignitz] epoch 12/24 36000 crops, device=cuda
[prignitz] epoch 12/24 loss=4.9881
[prignitz] epoch 13/24 36000 crops, device=cuda
[prignitz] epoch 13/24 loss=4.9498
[prignitz] epoch 14/24 36000 crops, device=cuda
[prignitz] epoch 14/24 loss=4.9288
[prignitz] epoch 15/24 36000 crops, device=cuda
[prignitz] epoch 15/24 loss=4.8968
[prignitz] epoch 16/24 36000 crops, device=cuda
[prignitz] epoch 16/24 loss=4.8593
[prignitz] epoch 17/24 36000 crops, device=cuda
[prignitz] epoch 17/24 loss=4.8450
[prignitz] epoch 18/24 36000 crops, device=cuda
[prignitz] epoch 18/24 loss=4.8370
[prignitz] epoch 19/24 36000 crops, device=cuda
[prignitz] epoch 19/24 loss=4.8163
[prignitz] epoch 20/24 36000 crops, device=cuda
[prignitz] epoch 20/24 loss=4.8060
[prignitz] epoch 21/24 36000 crops, device=cuda
[prignitz] epoch 21/24 loss=4.7924
[prignitz] epoch 22/24 36000 crops, device=cuda
[prignitz] epoch 22/24 loss=4.7966
[prignitz] epoch 23/24 36000 crops, device=cuda
[prignitz] epoch 23/24 loss=4.7877
[prignitz] epoch 24/24 36000 crops, device=cuda
[prignitz] epoch 24/24 loss=4.7923
{"area": "prignitz", "n_train_crops": 36000, "epochs": 8, "device": "cuda", "train_seconds": 2639.9, "onnx_bytes": 3302661, "init": "pretrained:mobilenet_v3_small IMAGENET1K_V1 features[0..8] (torchvision, BSD-3)", "train_realizations": 3, "epoch_location_resampling": true, "total_epochs_run": 24, "epoch_mult": 3, "lr_schedule": "cosine-per-step to 0 over 13512 steps", "confusability_alpha": 0.5, "cell_weight_ratio_p90_p10": 3.028598520134326, "margin_alpha": 0.5, "margin_margin": 1.0, "conf_shift": 0.7170301079750061, "cal_logit_threshold": -0.13016774952411686, "cal_keep_rate_per_bucket": {"morning": 0.895, "midday": 0.9125, "afternoon": 0.9175, "early_evening": 0.8975, "evening": 0.7975, "night": 0.4}}
