/workspace/low-light-geolocalization-autoresearch/model/model.py:248: TracerWarning: Converting a tensor to a Python boolean might cause the trace to be incorrect. We can't record the data flow of Python values, so this value will be treated as a constant in the future. This means that the trace might not generalize to other inputs!
  if return_logits:
[prignitz] epoch 1/24 36000 crops, device=cuda
[prignitz] epoch 1/24 loss=6.6716
[prignitz] epoch 2/24 36000 crops, device=cuda
[prignitz] epoch 2/24 loss=6.2489
[prignitz] epoch 3/24 36000 crops, device=cuda
[prignitz] epoch 3/24 loss=6.0532
[prignitz] epoch 4/24 36000 crops, device=cuda
[prignitz] epoch 4/24 loss=5.8784
[prignitz] epoch 5/24 36000 crops, device=cuda
[prignitz] epoch 5/24 loss=5.7492
[prignitz] epoch 6/24 36000 crops, device=cuda
[prignitz] epoch 6/24 loss=5.6535
[prignitz] epoch 7/24 36000 crops, device=cuda
[prignitz] epoch 7/24 loss=5.5590
[prignitz] epoch 8/24 36000 crops, device=cuda
[prignitz] epoch 8/24 loss=5.4708
[prignitz] epoch 9/24 36000 crops, device=cuda
[prignitz] epoch 9/24 loss=5.4325
[prignitz] epoch 10/24 36000 crops, device=cuda
[prignitz] epoch 10/24 loss=5.3791
[prignitz] epoch 11/24 36000 crops, device=cuda
[prignitz] epoch 11/24 loss=5.3253
[prignitz] epoch 12/24 36000 crops, device=cuda
[prignitz] epoch 12/24 loss=5.2679
[prignitz] epoch 13/24 36000 crops, device=cuda
[prignitz] epoch 13/24 loss=5.2281
[prignitz] epoch 14/24 36000 crops, device=cuda
[prignitz] epoch 14/24 loss=5.1897
[prignitz] epoch 15/24 36000 crops, device=cuda
[prignitz] epoch 15/24 loss=5.1652
[prignitz] epoch 16/24 36000 crops, device=cuda
[prignitz] epoch 16/24 loss=5.1256
[prignitz] epoch 17/24 36000 crops, device=cuda
[prignitz] epoch 17/24 loss=5.1420
[prignitz] epoch 18/24 36000 crops, device=cuda
[prignitz] epoch 18/24 loss=5.0834
[prignitz] epoch 19/24 36000 crops, device=cuda
[prignitz] epoch 19/24 loss=5.0744
[prignitz] epoch 20/24 36000 crops, device=cuda
[prignitz] epoch 20/24 loss=5.0714
[prignitz] epoch 21/24 36000 crops, device=cuda
[prignitz] epoch 21/24 loss=5.0674
[prignitz] epoch 22/24 36000 crops, device=cuda
[prignitz] epoch 22/24 loss=5.0578
[prignitz] epoch 23/24 36000 crops, device=cuda
[prignitz] epoch 23/24 loss=5.0591
[prignitz] epoch 24/24 36000 crops, device=cuda
[prignitz] epoch 24/24 loss=5.0556
{"area": "prignitz", "n_train_crops": 36000, "epochs": 8, "device": "cuda", "train_seconds": 1604.8, "onnx_bytes": 732768, "init": "from-scratch: two independent conv trunks (bright/dark experts), no pretrained weights", "train_realizations": 3, "epoch_location_resampling": true, "total_epochs_run": 24, "epoch_mult": 3, "lr_schedule": "cosine-per-step to 0 over 13512 steps", "confusability_alpha": 0.5, "cell_weight_ratio_p90_p10": 3.028598520134326, "conf_shift": 1.478422999382019, "cal_logit_threshold": 0.6312250852584838, "cal_keep_rate_per_bucket": {"morning": 0.46, "midday": 0.4225, "afternoon": 0.4, "early_evening": 0.505, "evening": 0.53, "night": 0.4425}}
