/workspace/low-light-geolocalization-autoresearch/model/model.py:248: TracerWarning: Converting a tensor to a Python boolean might cause the trace to be incorrect. We can't record the data flow of Python values, so this value will be treated as a constant in the future. This means that the trace might not generalize to other inputs!
  if return_logits:
[berlin] epoch 1/24 36000 crops, device=cuda
[berlin] epoch 1/24 loss=6.6483
[berlin] epoch 2/24 36000 crops, device=cuda
[berlin] epoch 2/24 loss=6.3125
[berlin] epoch 3/24 36000 crops, device=cuda
[berlin] epoch 3/24 loss=6.1316
[berlin] epoch 4/24 36000 crops, device=cuda
[berlin] epoch 4/24 loss=6.0141
[berlin] epoch 5/24 36000 crops, device=cuda
[berlin] epoch 5/24 loss=5.9248
[berlin] epoch 6/24 36000 crops, device=cuda
[berlin] epoch 6/24 loss=5.8442
[berlin] epoch 7/24 36000 crops, device=cuda
[berlin] epoch 7/24 loss=5.7626
[berlin] epoch 8/24 36000 crops, device=cuda
[berlin] epoch 8/24 loss=5.7015
[berlin] epoch 9/24 36000 crops, device=cuda
[berlin] epoch 9/24 loss=5.6582
[berlin] epoch 10/24 36000 crops, device=cuda
[berlin] epoch 10/24 loss=5.5947
[berlin] epoch 11/24 36000 crops, device=cuda
[berlin] epoch 11/24 loss=5.5308
[berlin] epoch 12/24 36000 crops, device=cuda
[berlin] epoch 12/24 loss=5.5093
[berlin] epoch 13/24 36000 crops, device=cuda
[berlin] epoch 13/24 loss=5.4864
[berlin] epoch 14/24 36000 crops, device=cuda
[berlin] epoch 14/24 loss=5.4659
[berlin] epoch 15/24 36000 crops, device=cuda
[berlin] epoch 15/24 loss=5.4005
[berlin] epoch 16/24 36000 crops, device=cuda
[berlin] epoch 16/24 loss=5.3766
[berlin] epoch 17/24 36000 crops, device=cuda
[berlin] epoch 17/24 loss=5.3762
[berlin] epoch 18/24 36000 crops, device=cuda
[berlin] epoch 18/24 loss=5.3658
[berlin] epoch 19/24 36000 crops, device=cuda
[berlin] epoch 19/24 loss=5.3362
[berlin] epoch 20/24 36000 crops, device=cuda
[berlin] epoch 20/24 loss=5.3156
[berlin] epoch 21/24 36000 crops, device=cuda
[berlin] epoch 21/24 loss=5.3342
[berlin] epoch 22/24 36000 crops, device=cuda
[berlin] epoch 22/24 loss=5.3093
[berlin] epoch 23/24 36000 crops, device=cuda
[berlin] epoch 23/24 loss=5.3148
[berlin] epoch 24/24 36000 crops, device=cuda
[berlin] epoch 24/24 loss=5.3168
{"area": "berlin", "n_train_crops": 36000, "epochs": 8, "device": "cuda", "train_seconds": 1788.9, "onnx_bytes": 732768, "init": "from-scratch: two independent conv trunks (bright/dark experts), no pretrained weights", "train_realizations": 3, "epoch_location_resampling": true, "total_epochs_run": 24, "epoch_mult": 3, "lr_schedule": "cosine-per-step to 0 over 13512 steps", "confusability_alpha": 0.5, "cell_weight_ratio_p90_p10": 3.926471832025122, "conf_shift": -0.023363357409834862, "cal_logit_threshold": -0.8705612182617188, "cal_keep_rate_per_bucket": {"morning": 0.48, "midday": 0.45, "afternoon": 0.4, "early_evening": 0.585, "evening": 0.6625, "night": 0.78}}
