/workspace/low-light-geolocalization-autoresearch/model/model.py:250: TracerWarning: Converting a tensor to a Python boolean might cause the trace to be incorrect. We can't record the data flow of Python values, so this value will be treated as a constant in the future. This means that the trace might not generalize to other inputs!
  if return_logits:
[berlin] epoch 1/24 36000 crops, device=cuda
[berlin] epoch 1/24 loss=10.1760
[berlin] epoch 2/24 36000 crops, device=cuda
[berlin] epoch 2/24 loss=9.7820
[berlin] epoch 3/24 36000 crops, device=cuda
[berlin] epoch 3/24 loss=9.6091
[berlin] epoch 4/24 36000 crops, device=cuda
[berlin] epoch 4/24 loss=9.4930
[berlin] epoch 5/24 36000 crops, device=cuda
[berlin] epoch 5/24 loss=9.3871
[berlin] epoch 6/24 36000 crops, device=cuda
[berlin] epoch 6/24 loss=9.3063
[berlin] epoch 7/24 36000 crops, device=cuda
[berlin] epoch 7/24 loss=9.2515
[berlin] epoch 8/24 36000 crops, device=cuda
[berlin] epoch 8/24 loss=9.2007
[berlin] epoch 9/24 36000 crops, device=cuda
[berlin] epoch 9/24 loss=9.1464
[berlin] epoch 10/24 36000 crops, device=cuda
[berlin] epoch 10/24 loss=9.1067
[berlin] epoch 11/24 36000 crops, device=cuda
[berlin] epoch 11/24 loss=9.0764
[berlin] epoch 12/24 36000 crops, device=cuda
[berlin] epoch 12/24 loss=9.0401
[berlin] epoch 13/24 36000 crops, device=cuda
[berlin] epoch 13/24 loss=9.0221
[berlin] epoch 14/24 36000 crops, device=cuda
[berlin] epoch 14/24 loss=8.9973
[berlin] epoch 15/24 36000 crops, device=cuda
[berlin] epoch 15/24 loss=8.9814
[berlin] epoch 16/24 36000 crops, device=cuda
[berlin] epoch 16/24 loss=8.9526
[berlin] epoch 17/24 36000 crops, device=cuda
[berlin] epoch 17/24 loss=8.9366
[berlin] epoch 18/24 36000 crops, device=cuda
[berlin] epoch 18/24 loss=8.9337
[berlin] epoch 19/24 36000 crops, device=cuda
[berlin] epoch 19/24 loss=8.9275
[berlin] epoch 20/24 36000 crops, device=cuda
[berlin] epoch 20/24 loss=8.9372
[berlin] epoch 21/24 36000 crops, device=cuda
[berlin] epoch 21/24 loss=8.9199
[berlin] epoch 22/24 36000 crops, device=cuda
[berlin] epoch 22/24 loss=8.9190
[berlin] epoch 23/24 36000 crops, device=cuda
[berlin] epoch 23/24 loss=8.9049
[berlin] epoch 24/24 36000 crops, device=cuda
[berlin] epoch 24/24 loss=8.9204
{"area": "berlin", "n_train_crops": 36000, "epochs": 8, "device": "cuda", "train_seconds": 2649.3, "onnx_bytes": 2840255, "init": "pretrained:mobilenet_v3_small IMAGENET1K_V1 features[0..8] (torchvision, BSD-3); neural-map correlation head (map_feat/map_bias/kernel_proj/dark_kernel) from scratch", "map_hw": [213, 217], "train_realizations": 3, "epoch_location_resampling": true, "total_epochs_run": 24, "epoch_mult": 3, "lr_schedule": "cosine-per-step to 0 over 13512 steps", "conf_shift": -0.3814396560192108, "cal_logit_threshold": -1.228637528419495, "cal_keep_rate_per_bucket": {"morning": 0.72, "midday": 0.7, "afternoon": 0.705, "early_evening": 0.685, "evening": 0.5625, "night": 0.4}}
