/workspace/low-light-geolocalization-autoresearch/model/model.py:250: TracerWarning: Converting a tensor to a Python boolean might cause the trace to be incorrect. We can't record the data flow of Python values, so this value will be treated as a constant in the future. This means that the trace might not generalize to other inputs!
  if return_logits:
[munich] epoch 1/24 36000 crops, device=cuda
[munich] epoch 1/24 loss=10.2761
[munich] epoch 2/24 36000 crops, device=cuda
[munich] epoch 2/24 loss=9.7817
[munich] epoch 3/24 36000 crops, device=cuda
[munich] epoch 3/24 loss=9.5588
[munich] epoch 4/24 36000 crops, device=cuda
[munich] epoch 4/24 loss=9.4426
[munich] epoch 5/24 36000 crops, device=cuda
[munich] epoch 5/24 loss=9.3528
[munich] epoch 6/24 36000 crops, device=cuda
[munich] epoch 6/24 loss=9.2832
[munich] epoch 7/24 36000 crops, device=cuda
[munich] epoch 7/24 loss=9.2211
[munich] epoch 8/24 36000 crops, device=cuda
[munich] epoch 8/24 loss=9.1661
[munich] epoch 9/24 36000 crops, device=cuda
[munich] epoch 9/24 loss=9.1221
[munich] epoch 10/24 36000 crops, device=cuda
[munich] epoch 10/24 loss=9.0789
[munich] epoch 11/24 36000 crops, device=cuda
[munich] epoch 11/24 loss=9.0615
[munich] epoch 12/24 36000 crops, device=cuda
[munich] epoch 12/24 loss=9.0087
[munich] epoch 13/24 36000 crops, device=cuda
[munich] epoch 13/24 loss=8.9949
[munich] epoch 14/24 36000 crops, device=cuda
[munich] epoch 14/24 loss=8.9788
[munich] epoch 15/24 36000 crops, device=cuda
[munich] epoch 15/24 loss=8.9508
[munich] epoch 16/24 36000 crops, device=cuda
[munich] epoch 16/24 loss=8.9311
[munich] epoch 17/24 36000 crops, device=cuda
[munich] epoch 17/24 loss=8.9248
[munich] epoch 18/24 36000 crops, device=cuda
[munich] epoch 18/24 loss=8.9146
[munich] epoch 19/24 36000 crops, device=cuda
[munich] epoch 19/24 loss=8.9023
[munich] epoch 20/24 36000 crops, device=cuda
[munich] epoch 20/24 loss=8.8955
[munich] epoch 21/24 36000 crops, device=cuda
[munich] epoch 21/24 loss=8.8931
[munich] epoch 22/24 36000 crops, device=cuda
[munich] epoch 22/24 loss=8.8894
[munich] epoch 23/24 36000 crops, device=cuda
[munich] epoch 23/24 loss=8.8796
[munich] epoch 24/24 36000 crops, device=cuda
[munich] epoch 24/24 loss=8.8898
{"area": "munich", "n_train_crops": 36000, "epochs": 8, "device": "cuda", "train_seconds": 2790.0, "onnx_bytes": 3077087, "init": "pretrained:mobilenet_v3_small IMAGENET1K_V1 features[0..8] (torchvision, BSD-3); neural-map correlation head (map_feat/map_bias/kernel_proj/dark_kernel) from scratch", "map_hw": [216, 239], "train_realizations": 3, "epoch_location_resampling": true, "total_epochs_run": 24, "epoch_mult": 3, "lr_schedule": "cosine-per-step to 0 over 13512 steps", "conf_shift": -0.5450369715690613, "cal_logit_threshold": -1.3922348022460938, "cal_keep_rate_per_bucket": {"morning": 0.8475, "midday": 0.82, "afternoon": 0.8875, "early_evening": 0.8425, "evening": 0.7825, "night": 0.4}}
