/workspace/low-light-geolocalization-autoresearch/model/model.py:250: TracerWarning: Converting a tensor to a Python boolean might cause the trace to be incorrect. We can't record the data flow of Python values, so this value will be treated as a constant in the future. This means that the trace might not generalize to other inputs!
  if return_logits:
[prignitz] epoch 1/24 36000 crops, device=cuda
[prignitz] epoch 1/24 loss=10.1761
[prignitz] epoch 2/24 36000 crops, device=cuda
[prignitz] epoch 2/24 loss=9.5700
[prignitz] epoch 3/24 36000 crops, device=cuda
[prignitz] epoch 3/24 loss=9.3346
[prignitz] epoch 4/24 36000 crops, device=cuda
[prignitz] epoch 4/24 loss=9.1855
[prignitz] epoch 5/24 36000 crops, device=cuda
[prignitz] epoch 5/24 loss=9.1027
[prignitz] epoch 6/24 36000 crops, device=cuda
[prignitz] epoch 6/24 loss=9.0257
[prignitz] epoch 7/24 36000 crops, device=cuda
[prignitz] epoch 7/24 loss=8.9732
[prignitz] epoch 8/24 36000 crops, device=cuda
[prignitz] epoch 8/24 loss=8.9218
[prignitz] epoch 9/24 36000 crops, device=cuda
[prignitz] epoch 9/24 loss=8.8779
[prignitz] epoch 10/24 36000 crops, device=cuda
[prignitz] epoch 10/24 loss=8.8356
[prignitz] epoch 11/24 36000 crops, device=cuda
[prignitz] epoch 11/24 loss=8.8033
[prignitz] epoch 12/24 36000 crops, device=cuda
[prignitz] epoch 12/24 loss=8.7804
[prignitz] epoch 13/24 36000 crops, device=cuda
[prignitz] epoch 13/24 loss=8.7609
[prignitz] epoch 14/24 36000 crops, device=cuda
[prignitz] epoch 14/24 loss=8.7288
[prignitz] epoch 15/24 36000 crops, device=cuda
[prignitz] epoch 15/24 loss=8.7238
[prignitz] epoch 16/24 36000 crops, device=cuda
[prignitz] epoch 16/24 loss=8.6878
[prignitz] epoch 17/24 36000 crops, device=cuda
[prignitz] epoch 17/24 loss=8.6870
[prignitz] epoch 18/24 36000 crops, device=cuda
[prignitz] epoch 18/24 loss=8.6751
[prignitz] epoch 19/24 36000 crops, device=cuda
[prignitz] epoch 19/24 loss=8.6720
[prignitz] epoch 20/24 36000 crops, device=cuda
[prignitz] epoch 20/24 loss=8.6670
[prignitz] epoch 21/24 36000 crops, device=cuda
[prignitz] epoch 21/24 loss=8.6716
[prignitz] epoch 22/24 36000 crops, device=cuda
[prignitz] epoch 22/24 loss=8.6506
[prignitz] epoch 23/24 36000 crops, device=cuda
[prignitz] epoch 23/24 loss=8.6503
[prignitz] epoch 24/24 36000 crops, device=cuda
[prignitz] epoch 24/24 loss=8.6589
{"area": "prignitz", "n_train_crops": 36000, "epochs": 8, "device": "cuda", "train_seconds": 2456.7, "onnx_bytes": 2887815, "init": "pretrained:mobilenet_v3_small IMAGENET1K_V1 features[0..8] (torchvision, BSD-3); neural-map correlation head (map_feat/map_bias/kernel_proj/dark_kernel) from scratch", "map_hw": [217, 218], "train_realizations": 3, "epoch_location_resampling": true, "total_epochs_run": 24, "epoch_mult": 3, "lr_schedule": "cosine-per-step to 0 over 13512 steps", "conf_shift": -0.28492212295532227, "cal_logit_threshold": -1.1321199893951417, "cal_keep_rate_per_bucket": {"morning": 0.9025, "midday": 0.9275, "afternoon": 0.9275, "early_evening": 0.8975, "evening": 0.775, "night": 0.4}}
