/workspace/low-light-geolocalization-autoresearch/model/model.py:222: TracerWarning: Converting a tensor to a Python boolean might cause the trace to be incorrect. We can't record the data flow of Python values, so this value will be treated as a constant in the future. This means that the trace might not generalize to other inputs!
  if return_logits:
[berlin] epoch 1/24 36000 crops, device=cuda
[berlin] epoch 1/24 loss=6.2711
[berlin] epoch 2/24 36000 crops, device=cuda
[berlin] epoch 2/24 loss=5.8055
[berlin] epoch 3/24 36000 crops, device=cuda
[berlin] epoch 3/24 loss=5.5999
[berlin] epoch 4/24 36000 crops, device=cuda
[berlin] epoch 4/24 loss=5.4476
[berlin] epoch 5/24 36000 crops, device=cuda
[berlin] epoch 5/24 loss=5.3092
[berlin] epoch 6/24 36000 crops, device=cuda
[berlin] epoch 6/24 loss=5.2223
[berlin] epoch 7/24 36000 crops, device=cuda
[berlin] epoch 7/24 loss=5.1468
[berlin] epoch 8/24 36000 crops, device=cuda
[berlin] epoch 8/24 loss=5.0671
[berlin] epoch 9/24 36000 crops, device=cuda
[berlin] epoch 9/24 loss=5.0086
[berlin] epoch 10/24 36000 crops, device=cuda
[berlin] epoch 10/24 loss=4.9589
[berlin] epoch 11/24 36000 crops, device=cuda
[berlin] epoch 11/24 loss=4.9250
[berlin] epoch 12/24 36000 crops, device=cuda
[berlin] epoch 12/24 loss=4.8755
[berlin] epoch 13/24 36000 crops, device=cuda
[berlin] epoch 13/24 loss=4.8497
[berlin] epoch 14/24 36000 crops, device=cuda
[berlin] epoch 14/24 loss=4.8214
[berlin] epoch 15/24 36000 crops, device=cuda
[berlin] epoch 15/24 loss=4.8003
[berlin] epoch 16/24 36000 crops, device=cuda
[berlin] epoch 16/24 loss=4.7808
[berlin] epoch 17/24 36000 crops, device=cuda
[berlin] epoch 17/24 loss=4.7567
[berlin] epoch 18/24 36000 crops, device=cuda
[berlin] epoch 18/24 loss=4.7498
[berlin] epoch 19/24 36000 crops, device=cuda
[berlin] epoch 19/24 loss=4.7378
[berlin] epoch 20/24 36000 crops, device=cuda
[berlin] epoch 20/24 loss=4.7387
[berlin] epoch 21/24 36000 crops, device=cuda
[berlin] epoch 21/24 loss=4.7192
[berlin] epoch 22/24 36000 crops, device=cuda
[berlin] epoch 22/24 loss=4.7186
[berlin] epoch 23/24 36000 crops, device=cuda
[berlin] epoch 23/24 loss=4.7254
[berlin] epoch 24/24 36000 crops, device=cuda
[berlin] epoch 24/24 loss=4.7187
{"area": "berlin", "n_train_crops": 36000, "epochs": 8, "device": "cuda", "train_seconds": 2653.8, "onnx_bytes": 3303402, "init": "pretrained:mobilenet_v3_small IMAGENET1K_V1 features[0..8] (torchvision, BSD-3)", "train_realizations": 3, "epoch_location_resampling": true, "total_epochs_run": 24, "epoch_mult": 3, "lr_schedule": "cosine-per-step to 0 over 13512 steps", "n_train_crops_after_fence": 38827, "n_cal_fenced": 3749, "per_bucket_calibration": {"morning": {"q_star": 0.26, "cal_keep_rate": 0.26, "cal_median_kept_m": 680.7955130447194, "lum_anchor": 0.47759345173835754, "shift": 1.6627922152551387, "grid": [{"q": 0.26, "median_kept_m": 680.7955130447194, "keep_rate": 0.26}, {"q": 0.3, "median_kept_m": 708.8668822163563, "keep_rate": 0.3}, {"q": 0.34, "median_kept_m": 714.1141869213161, "keep_rate": 0.34}, {"q": 0.38, "median_kept_m": 731.2631052677218, "keep_rate": 0.38}, {"q": 0.42, "median_kept_m": 744.5431577440863, "keep_rate": 0.42}, {"q": 0.46, "median_kept_m": 731.2631052677218, "keep_rate": 0.46}, {"q": 0.5, "median_kept_m": 758.7741598532848, "keep_rate": 0.5}, {"q": 0.54, "median_kept_m": 791.3607392054398, "keep_rate": 0.54}, {"q": 0.58, "median_kept_m": 791.3607392054398, "keep_rate": 0.58}]}, "midday": {"q_star": 0.5, "cal_keep_rate": 0.5, "cal_median_kept_m": 889.1127792206102, "lum_anchor": 0.5476382970809937, "shift": 0.13171157231652486, "grid": [{"q": 0.26, "median_kept_m": 970.6092285189375, "keep_rate": 0.26}, {"q": 0.3, "median_kept_m": 965.6870483119806, "keep_rate": 0.3}, {"q": 0.34, "median_kept_m": 970.6092285189375, "keep_rate": 0.34}, {"q": 0.38, "median_kept_m": 896.8817669699561, "keep_rate": 0.38}, {"q": 0.42, "median_kept_m": 896.8817669699561, "keep_rate": 0.42}, {"q": 0.46, "median_kept_m": 924.1164440334696, "keep_rate": 0.46}, {"q": 0.5, "median_kept_m": 889.1127792206102, "keep_rate": 0.5}, {"q": 0.54, "median_kept_m": 896.8817669699561, "keep_rate": 0.54}, {"q": 0.58, "median_kept_m": 913.8810947797251, "keep_rate": 0.58}]}, "afternoon": {"q_star": 0.26, "cal_keep_rate": 0.26, "cal_median_kept_m": 761.4089218970782, "lum_anchor": 0.5114386081695557, "shift": 1.5833434747728086, "grid": [{"q": 0.26, "median_kept_m": 761.4089218970782, "keep_rate": 0.26}, {"q": 0.3, "median_kept_m": 789.6401995238851, "keep_rate": 0.3}, {"q": 0.34, "median_kept_m": 775.8372603921067, "keep_rate": 0.34}, {"q": 0.38, "median_kept_m": 802.1799498231926, "keep_rate": 0.38}, {"q": 0.42, "median_kept_m": 775.8372603921067, "keep_rate": 0.42}, {"q": 0.46, "median_kept_m": 766.4189890406828, "keep_rate": 0.46}, {"q": 0.5, "median_kept_m": 790.2882261884417, "keep_rate": 0.5}, {"q": 0.54, "median_kept_m": 785.2096731881858, "keep_rate": 0.54}, {"q": 0.58, "median_kept_m": 790.2882261884417, "keep_rate": 0.58}]}, "early_evening": {"q_star": 0.26, "cal_keep_rate": 0.26, "cal_median_kept_m": 693.286563142427, "lum_anchor": 0.4033440947532654, "shift": 1.425918739941952, "grid": [{"q": 0.26, "median_kept_m": 693.286563142427, "keep_rate": 0.26}, {"q": 0.3, "median_kept_m": 722.4797717237798, "keep_rate": 0.3}, {"q": 0.34, "median_kept_m": 722.4797717237798, "keep_rate": 0.34}, {"q": 0.38, "median_kept_m": 730.9789409436853, "keep_rate": 0.38}, {"q": 0.42, "median_kept_m": 771.6785761536303, "keep_rate": 0.42}, {"q": 0.46, "median_kept_m": 875.1359767245635, "keep_rate": 0.46}, {"q": 0.5, "median_kept_m": 875.1359767245635, "keep_rate": 0.5}, {"q": 0.54, "median_kept_m": 916.7397021407883, "keep_rate": 0.54}, {"q": 0.58, "median_kept_m": 931.5031931812287, "keep_rate": 0.58}]}, "evening": {"q_star": 0.3, "cal_keep_rate": 0.3, "cal_median_kept_m": 655.8381571755344, "lum_anchor": 0.340274453163147, "shift": 1.0635619594725336, "grid": [{"q": 0.26, "median_kept_m": 677.2929756218425, "keep_rate": 0.26}, {"q": 0.3, "median_kept_m": 655.8381571755344, "keep_rate": 0.3}, {"q": 0.34, "median_kept_m": 664.5817326087567, "keep_rate": 0.34}, {"q": 0.38, "median_kept_m": 693.3309233406484, "keep_rate": 0.38}, {"q": 0.42, "median_kept_m": 707.0708568312346, "keep_rate": 0.42}, {"q": 0.46, "median_kept_m": 693.3309233406484, "keep_rate": 0.46}, {"q": 0.5, "median_kept_m": 709.2154198194421, "keep_rate": 0.5}, {"q": 0.54, "median_kept_m": 746.4070057917584, "keep_rate": 0.54}, {"q": 0.58, "median_kept_m": 750.1355263805078, "keep_rate": 0.58}]}, "night": {"q_star": 0.42, "cal_keep_rate": 0.42, "cal_median_kept_m": 886.9458281134796, "lum_anchor": 0.2612096071243286, "shift": -0.5018143928972506, "grid": [{"q": 0.26, "median_kept_m": 886.9458281134796, "keep_rate": 0.26}, {"q": 0.3, "median_kept_m": 910.0742855710188, "keep_rate": 0.3}, {"q": 0.34, "median_kept_m": 914.9560540690127, "keep_rate": 0.34}, {"q": 0.38, "median_kept_m": 899.3890848296444, "keep_rate": 0.38}, {"q": 0.42, "median_kept_m": 886.9458281134796, "keep_rate": 0.42}, {"q": 0.46, "median_kept_m": 895.0816525897486, "keep_rate": 0.46}, {"q": 0.5, "median_kept_m": 914.9560540690127, "keep_rate": 0.5}, {"q": 0.54, "median_kept_m": 914.9560540690127, "keep_rate": 0.54}, {"q": 0.58, "median_kept_m": 922.4149576352081, "keep_rate": 0.58}]}}, "conf_lum_anchors": [0.2612096071243286, 0.340274453163147, 0.4033440947532654, 0.47759345173835754, 0.5114386081695557, 0.5476382970809937], "conf_shift": [-0.5018143928972506, 1.0635619594725336, 1.425918739941952, 1.6627922152551387, 1.5833434747728086, 0.13171157231652486], "n_cal_crops": 2400}
