/workspace/low-light-geolocalization-autoresearch/model/model.py:222: TracerWarning: Converting a tensor to a Python boolean might cause the trace to be incorrect. We can't record the data flow of Python values, so this value will be treated as a constant in the future. This means that the trace might not generalize to other inputs!
  if return_logits:
[prignitz] epoch 1/24 36000 crops, device=cuda
[prignitz] epoch 1/24 loss=6.1117
[prignitz] epoch 2/24 36000 crops, device=cuda
[prignitz] epoch 2/24 loss=5.4339
[prignitz] epoch 3/24 36000 crops, device=cuda
[prignitz] epoch 3/24 loss=5.1718
[prignitz] epoch 4/24 36000 crops, device=cuda
[prignitz] epoch 4/24 loss=5.0194
[prignitz] epoch 5/24 36000 crops, device=cuda
[prignitz] epoch 5/24 loss=4.8891
[prignitz] epoch 6/24 36000 crops, device=cuda
[prignitz] epoch 6/24 loss=4.8058
[prignitz] epoch 7/24 36000 crops, device=cuda
[prignitz] epoch 7/24 loss=4.7456
[prignitz] epoch 8/24 36000 crops, device=cuda
[prignitz] epoch 8/24 loss=4.6752
[prignitz] epoch 9/24 36000 crops, device=cuda
[prignitz] epoch 9/24 loss=4.6504
[prignitz] epoch 10/24 36000 crops, device=cuda
[prignitz] epoch 10/24 loss=4.6053
[prignitz] epoch 11/24 36000 crops, device=cuda
[prignitz] epoch 11/24 loss=4.5655
[prignitz] epoch 12/24 36000 crops, device=cuda
[prignitz] epoch 12/24 loss=4.5383
[prignitz] epoch 13/24 36000 crops, device=cuda
[prignitz] epoch 13/24 loss=4.5088
[prignitz] epoch 14/24 36000 crops, device=cuda
[prignitz] epoch 14/24 loss=4.4898
[prignitz] epoch 15/24 36000 crops, device=cuda
[prignitz] epoch 15/24 loss=4.4674
[prignitz] epoch 16/24 36000 crops, device=cuda
[prignitz] epoch 16/24 loss=4.4495
[prignitz] epoch 17/24 36000 crops, device=cuda
[prignitz] epoch 17/24 loss=4.4461
[prignitz] epoch 18/24 36000 crops, device=cuda
[prignitz] epoch 18/24 loss=4.4209
[prignitz] epoch 19/24 36000 crops, device=cuda
[prignitz] epoch 19/24 loss=4.4231
[prignitz] epoch 20/24 36000 crops, device=cuda
[prignitz] epoch 20/24 loss=4.4155
[prignitz] epoch 21/24 36000 crops, device=cuda
[prignitz] epoch 21/24 loss=4.4139
[prignitz] epoch 22/24 36000 crops, device=cuda
[prignitz] epoch 22/24 loss=4.4091
[prignitz] epoch 23/24 36000 crops, device=cuda
[prignitz] epoch 23/24 loss=4.3888
[prignitz] epoch 24/24 36000 crops, device=cuda
[prignitz] epoch 24/24 loss=4.3992
{"area": "prignitz", "n_train_crops": 36000, "epochs": 8, "device": "cuda", "train_seconds": 2464.2, "onnx_bytes": 3303402, "init": "pretrained:mobilenet_v3_small IMAGENET1K_V1 features[0..8] (torchvision, BSD-3)", "train_realizations": 3, "epoch_location_resampling": true, "total_epochs_run": 24, "epoch_mult": 3, "lr_schedule": "cosine-per-step to 0 over 13512 steps", "n_train_crops_after_fence": 37149, "n_cal_fenced": 5259, "per_bucket_calibration": {"morning": {"q_star": 0.3, "cal_keep_rate": 0.3, "cal_median_kept_m": 446.4557896020282, "lum_anchor": 0.4693331718444824, "shift": 2.620436066296932, "grid": [{"q": 0.26, "median_kept_m": 459.12412658919226, "keep_rate": 0.26}, {"q": 0.3, "median_kept_m": 446.4557896020282, "keep_rate": 0.3}, {"q": 0.34, "median_kept_m": 459.12412658919226, "keep_rate": 0.34}, {"q": 0.38, "median_kept_m": 485.6889470968871, "keep_rate": 0.38}, {"q": 0.42, "median_kept_m": 544.4791586221331, "keep_rate": 0.42}, {"q": 0.46, "median_kept_m": 570.2711755869982, "keep_rate": 0.46}, {"q": 0.5, "median_kept_m": 576.8087417516219, "keep_rate": 0.5}, {"q": 0.54, "median_kept_m": 584.3966662758885, "keep_rate": 0.54}, {"q": 0.58, "median_kept_m": 590.6022129974243, "keep_rate": 0.58}]}, "midday": {"q_star": 0.38, "cal_keep_rate": 0.38, "cal_median_kept_m": 575.1932342043899, "lum_anchor": 0.5362378358840942, "shift": 2.1753245913060875, "grid": [{"q": 0.26, "median_kept_m": 595.2131829339878, "keep_rate": 0.26}, {"q": 0.3, "median_kept_m": 606.8593728951664, "keep_rate": 0.3}, {"q": 0.34, "median_kept_m": 606.8593728951664, "keep_rate": 0.34}, {"q": 0.38, "median_kept_m": 575.1932342043899, "keep_rate": 0.38}, {"q": 0.42, "median_kept_m": 594.07521105295, "keep_rate": 0.42}, {"q": 0.46, "median_kept_m": 606.891957812572, "keep_rate": 0.46}, {"q": 0.5, "median_kept_m": 610.3308833881814, "keep_rate": 0.5}, {"q": 0.54, "median_kept_m": 640.2218503823017, "keep_rate": 0.54}, {"q": 0.58, "median_kept_m": 640.0965810310872, "keep_rate": 0.58}]}, "afternoon": {"q_star": 0.26, "cal_keep_rate": 0.26, "cal_median_kept_m": 501.5623942392275, "lum_anchor": 0.5006663799285889, "shift": 2.871344460156795, "grid": [{"q": 0.26, "median_kept_m": 501.5623942392275, "keep_rate": 0.26}, {"q": 0.3, "median_kept_m": 561.9650499982154, "keep_rate": 0.3}, {"q": 0.34, "median_kept_m": 561.9650499982154, "keep_rate": 0.34}, {"q": 0.38, "median_kept_m": 573.086775088454, "keep_rate": 0.38}, {"q": 0.42, "median_kept_m": 573.086775088454, "keep_rate": 0.42}, {"q": 0.46, "median_kept_m": 586.264342232878, "keep_rate": 0.46}, {"q": 0.5, "median_kept_m": 573.086775088454, "keep_rate": 0.5}, {"q": 0.54, "median_kept_m": 592.1588828359627, "keep_rate": 0.54}, {"q": 0.58, "median_kept_m": 620.0791277050212, "keep_rate": 0.58}]}, "early_evening": {"q_star": 0.34, "cal_keep_rate": 0.34, "cal_median_kept_m": 546.1189029652116, "lum_anchor": 0.387050062417984, "shift": 2.178183604386683, "grid": [{"q": 0.26, "median_kept_m": 546.1189029652116, "keep_rate": 0.26}, {"q": 0.3, "median_kept_m": 561.7952315662426, "keep_rate": 0.3}, {"q": 0.34, "median_kept_m": 546.1189029652116, "keep_rate": 0.34}, {"q": 0.38, "median_kept_m": 561.7952315662426, "keep_rate": 0.38}, {"q": 0.42, "median_kept_m": 613.4702748230374, "keep_rate": 0.42}, {"q": 0.46, "median_kept_m": 624.9360749287297, "keep_rate": 0.46}, {"q": 0.5, "median_kept_m": 636.2329257941728, "keep_rate": 0.5}, {"q": 0.54, "median_kept_m": 662.5413343933449, "keep_rate": 0.54}, {"q": 0.58, "median_kept_m": 683.5994404366704, "keep_rate": 0.58}]}, "evening": {"q_star": 0.26, "cal_keep_rate": 0.26, "cal_median_kept_m": 445.2775211415153, "lum_anchor": 0.33023425936698914, "shift": 2.3800582849057883, "grid": [{"q": 0.26, "median_kept_m": 445.2775211415153, "keep_rate": 0.26}, {"q": 0.3, "median_kept_m": 466.8013931538647, "keep_rate": 0.3}, {"q": 0.34, "median_kept_m": 518.6696406403921, "keep_rate": 0.34}, {"q": 0.38, "median_kept_m": 539.2388459690194, "keep_rate": 0.38}, {"q": 0.42, "median_kept_m": 549.9231001841363, "keep_rate": 0.42}, {"q": 0.46, "median_kept_m": 600.6853149750107, "keep_rate": 0.46}, {"q": 0.5, "median_kept_m": 625.097868270236, "keep_rate": 0.5}, {"q": 0.54, "median_kept_m": 639.7273326899474, "keep_rate": 0.54}, {"q": 0.58, "median_kept_m": 651.4186719490933, "keep_rate": 0.58}]}, "night": {"q_star": 0.3, "cal_keep_rate": 0.3, "cal_median_kept_m": 746.777290411854, "lum_anchor": 0.25449010729789734, "shift": 0.8172903894456599, "grid": [{"q": 0.26, "median_kept_m": 763.582272341147, "keep_rate": 0.26}, {"q": 0.3, "median_kept_m": 746.777290411854, "keep_rate": 0.3}, {"q": 0.34, "median_kept_m": 762.5615971992714, "keep_rate": 0.34}, {"q": 0.38, "median_kept_m": 784.4749978528239, "keep_rate": 0.38}, {"q": 0.42, "median_kept_m": 818.5367046135468, "keep_rate": 0.42}, {"q": 0.46, "median_kept_m": 801.1718266215589, "keep_rate": 0.46}, {"q": 0.5, "median_kept_m": 818.5367046135468, "keep_rate": 0.5}, {"q": 0.54, "median_kept_m": 818.5367046135468, "keep_rate": 0.54}, {"q": 0.58, "median_kept_m": 821.479047770236, "keep_rate": 0.58}]}}, "conf_lum_anchors": [0.25449010729789734, 0.33023425936698914, 0.387050062417984, 0.4693331718444824, 0.5006663799285889, 0.5362378358840942], "conf_shift": [0.8172903894456599, 2.3800582849057883, 2.178183604386683, 2.620436066296932, 2.871344460156795, 2.1753245913060875], "n_cal_crops": 2400}
