/workspace/low-light-geolocalization-autoresearch/model/model.py:222: TracerWarning: Converting a tensor to a Python boolean might cause the trace to be incorrect. We can't record the data flow of Python values, so this value will be treated as a constant in the future. This means that the trace might not generalize to other inputs!
  if return_logits:
[munich] epoch 1/24 36000 crops, device=cuda
[munich] epoch 1/24 loss=6.2590
[munich] epoch 2/24 36000 crops, device=cuda
[munich] epoch 2/24 loss=5.6500
[munich] epoch 3/24 36000 crops, device=cuda
[munich] epoch 3/24 loss=5.4060
[munich] epoch 4/24 36000 crops, device=cuda
[munich] epoch 4/24 loss=5.2508
[munich] epoch 5/24 36000 crops, device=cuda
[munich] epoch 5/24 loss=5.1326
[munich] epoch 6/24 36000 crops, device=cuda
[munich] epoch 6/24 loss=5.0362
[munich] epoch 7/24 36000 crops, device=cuda
[munich] epoch 7/24 loss=4.9554
[munich] epoch 8/24 36000 crops, device=cuda
[munich] epoch 8/24 loss=4.8881
[munich] epoch 9/24 36000 crops, device=cuda
[munich] epoch 9/24 loss=4.8360
[munich] epoch 10/24 36000 crops, device=cuda
[munich] epoch 10/24 loss=4.7852
[munich] epoch 11/24 36000 crops, device=cuda
[munich] epoch 11/24 loss=4.7386
[munich] epoch 12/24 36000 crops, device=cuda
[munich] epoch 12/24 loss=4.6990
[munich] epoch 13/24 36000 crops, device=cuda
[munich] epoch 13/24 loss=4.6759
[munich] epoch 14/24 36000 crops, device=cuda
[munich] epoch 14/24 loss=4.6420
[munich] epoch 15/24 36000 crops, device=cuda
[munich] epoch 15/24 loss=4.6230
[munich] epoch 16/24 36000 crops, device=cuda
[munich] epoch 16/24 loss=4.6074
[munich] epoch 17/24 36000 crops, device=cuda
[munich] epoch 17/24 loss=4.5982
[munich] epoch 18/24 36000 crops, device=cuda
[munich] epoch 18/24 loss=4.5672
[munich] epoch 19/24 36000 crops, device=cuda
[munich] epoch 19/24 loss=4.5613
[munich] epoch 20/24 36000 crops, device=cuda
[munich] epoch 20/24 loss=4.5543
[munich] epoch 21/24 36000 crops, device=cuda
[munich] epoch 21/24 loss=4.5490
[munich] epoch 22/24 36000 crops, device=cuda
[munich] epoch 22/24 loss=4.5479
[munich] epoch 23/24 36000 crops, device=cuda
[munich] epoch 23/24 loss=4.5474
[munich] epoch 24/24 36000 crops, device=cuda
[munich] epoch 24/24 loss=4.5464
{"area": "munich", "n_train_crops": 36000, "epochs": 8, "device": "cuda", "train_seconds": 2829.3, "onnx_bytes": 3303402, "init": "pretrained:mobilenet_v3_small IMAGENET1K_V1 features[0..8] (torchvision, BSD-3)", "train_realizations": 3, "epoch_location_resampling": true, "total_epochs_run": 24, "epoch_mult": 3, "lr_schedule": "cosine-per-step to 0 over 13512 steps", "n_train_crops_after_fence": 40197, "n_cal_fenced": 6038, "per_bucket_calibration": {"morning": {"q_star": 0.3, "cal_keep_rate": 0.3, "cal_median_kept_m": 726.690341123405, "lum_anchor": 0.47038766741752625, "shift": 1.7811545967134201, "grid": [{"q": 0.26, "median_kept_m": 793.0906325436124, "keep_rate": 0.26}, {"q": 0.3, "median_kept_m": 726.690341123405, "keep_rate": 0.3}, {"q": 0.34, "median_kept_m": 774.3333983919799, "keep_rate": 0.34}, {"q": 0.38, "median_kept_m": 774.3333983919799, "keep_rate": 0.38}, {"q": 0.42, "median_kept_m": 793.0906325436124, "keep_rate": 0.42}, {"q": 0.46, "median_kept_m": 793.0906325436124, "keep_rate": 0.46}, {"q": 0.5, "median_kept_m": 825.4608647125058, "keep_rate": 0.5}, {"q": 0.54, "median_kept_m": 878.7290995220152, "keep_rate": 0.54}, {"q": 0.58, "median_kept_m": 902.7740197939486, "keep_rate": 0.58}]}, "midday": {"q_star": 0.26, "cal_keep_rate": 0.26, "cal_median_kept_m": 744.9975369192537, "lum_anchor": 0.5485819578170776, "shift": 2.006416944173214, "grid": [{"q": 0.26, "median_kept_m": 744.9975369192537, "keep_rate": 0.26}, {"q": 0.3, "median_kept_m": 843.1792840985224, "keep_rate": 0.3}, {"q": 0.34, "median_kept_m": 843.1792840985224, "keep_rate": 0.34}, {"q": 0.38, "median_kept_m": 847.0798124617356, "keep_rate": 0.38}, {"q": 0.42, "median_kept_m": 846.8917641229391, "keep_rate": 0.42}, {"q": 0.46, "median_kept_m": 908.8766377669965, "keep_rate": 0.46}, {"q": 0.5, "median_kept_m": 937.5260243470794, "keep_rate": 0.5}, {"q": 0.54, "median_kept_m": 948.8940865470731, "keep_rate": 0.54}, {"q": 0.58, "median_kept_m": 996.722412709376, "keep_rate": 0.58}]}, "afternoon": {"q_star": 0.3, "cal_keep_rate": 0.3, "cal_median_kept_m": 620.6550096637426, "lum_anchor": 0.5040974617004395, "shift": 1.6547438918622703, "grid": [{"q": 0.26, "median_kept_m": 646.5303873921893, "keep_rate": 0.26}, {"q": 0.3, "median_kept_m": 620.6550096637426, "keep_rate": 0.3}, {"q": 0.34, "median_kept_m": 664.9567806733937, "keep_rate": 0.34}, {"q": 0.38, "median_kept_m": 664.9567806733937, "keep_rate": 0.38}, {"q": 0.42, "median_kept_m": 694.2115224194722, "keep_rate": 0.42}, {"q": 0.46, "median_kept_m": 745.8874105588986, "keep_rate": 0.46}, {"q": 0.5, "median_kept_m": 771.3747017123088, "keep_rate": 0.5}, {"q": 0.54, "median_kept_m": 796.4129625462047, "keep_rate": 0.54}, {"q": 0.58, "median_kept_m": 859.7524008059843, "keep_rate": 0.58}]}, "early_evening": {"q_star": 0.26, "cal_keep_rate": 0.26, "cal_median_kept_m": 565.8075576594844, "lum_anchor": 0.4028972387313843, "shift": 2.0388105951818196, "grid": [{"q": 0.26, "median_kept_m": 565.8075576594844, "keep_rate": 0.26}, {"q": 0.3, "median_kept_m": 600.5097847173524, "keep_rate": 0.3}, {"q": 0.34, "median_kept_m": 687.7527800952623, "keep_rate": 0.34}, {"q": 0.38, "median_kept_m": 693.1658252758814, "keep_rate": 0.38}, {"q": 0.42, "median_kept_m": 716.3772646763284, "keep_rate": 0.42}, {"q": 0.46, "median_kept_m": 697.1491597475597, "keep_rate": 0.46}, {"q": 0.5, "median_kept_m": 716.3772646763284, "keep_rate": 0.5}, {"q": 0.54, "median_kept_m": 756.599979775093, "keep_rate": 0.54}, {"q": 0.58, "median_kept_m": 794.0627110614647, "keep_rate": 0.58}]}, "evening": {"q_star": 0.26, "cal_keep_rate": 0.26, "cal_median_kept_m": 659.7366550381012, "lum_anchor": 0.3428795337677002, "shift": 1.7681550847562526, "grid": [{"q": 0.26, "median_kept_m": 659.7366550381012, "keep_rate": 0.26}, {"q": 0.3, "median_kept_m": 737.0666710355924, "keep_rate": 0.3}, {"q": 0.34, "median_kept_m": 780.8999306082571, "keep_rate": 0.34}, {"q": 0.38, "median_kept_m": 780.8999306082571, "keep_rate": 0.38}, {"q": 0.42, "median_kept_m": 852.7828867143916, "keep_rate": 0.42}, {"q": 0.46, "median_kept_m": 909.5771540169728, "keep_rate": 0.46}, {"q": 0.5, "median_kept_m": 940.1370150592766, "keep_rate": 0.5}, {"q": 0.54, "median_kept_m": 982.4174195930207, "keep_rate": 0.54}, {"q": 0.58, "median_kept_m": 963.5078882103699, "keep_rate": 0.58}]}, "night": {"q_star": 0.3, "cal_keep_rate": 0.3, "cal_median_kept_m": 929.5612123505249, "lum_anchor": 0.24294421076774597, "shift": 0.25312677016579843, "grid": [{"q": 0.26, "median_kept_m": 929.5612123505249, "keep_rate": 0.26}, {"q": 0.3, "median_kept_m": 929.5612123505249, "keep_rate": 0.3}, {"q": 0.34, "median_kept_m": 961.7053288409147, "keep_rate": 0.34}, {"q": 0.38, "median_kept_m": 982.127048100911, "keep_rate": 0.38}, {"q": 0.42, "median_kept_m": 1032.6759342967084, "keep_rate": 0.42}, {"q": 0.46, "median_kept_m": 1083.0563022262386, "keep_rate": 0.46}, {"q": 0.5, "median_kept_m": 1134.7953963085924, "keep_rate": 0.5}, {"q": 0.54, "median_kept_m": 1159.9072444720716, "keep_rate": 0.54}, {"q": 0.58, "median_kept_m": 1189.1828920322032, "keep_rate": 0.58}]}}, "conf_lum_anchors": [0.24294421076774597, 0.3428795337677002, 0.4028972387313843, 0.47038766741752625, 0.5040974617004395, 0.5485819578170776], "conf_shift": [0.25312677016579843, 1.7681550847562526, 2.0388105951818196, 1.7811545967134201, 1.6547438918622703, 2.006416944173214], "n_cal_crops": 2400}
