/workspace/low-light-geolocalization-autoresearch/model/model.py:222: TracerWarning: Converting a tensor to a Python boolean might cause the trace to be incorrect. We can't record the data flow of Python values, so this value will be treated as a constant in the future. This means that the trace might not generalize to other inputs!
  if return_logits:
[frankfurt] epoch 1/24 36000 crops, device=cuda
[frankfurt] epoch 1/24 loss=6.1723
[frankfurt] epoch 2/24 36000 crops, device=cuda
[frankfurt] epoch 2/24 loss=5.6322
[frankfurt] epoch 3/24 36000 crops, device=cuda
[frankfurt] epoch 3/24 loss=5.4249
[frankfurt] epoch 4/24 36000 crops, device=cuda
[frankfurt] epoch 4/24 loss=5.2924
[frankfurt] epoch 5/24 36000 crops, device=cuda
[frankfurt] epoch 5/24 loss=5.1872
[frankfurt] epoch 6/24 36000 crops, device=cuda
[frankfurt] epoch 6/24 loss=5.1022
[frankfurt] epoch 7/24 36000 crops, device=cuda
[frankfurt] epoch 7/24 loss=5.0206
[frankfurt] epoch 8/24 36000 crops, device=cuda
[frankfurt] epoch 8/24 loss=4.9611
[frankfurt] epoch 9/24 36000 crops, device=cuda
[frankfurt] epoch 9/24 loss=4.9218
[frankfurt] epoch 10/24 36000 crops, device=cuda
[frankfurt] epoch 10/24 loss=4.8788
[frankfurt] epoch 11/24 36000 crops, device=cuda
[frankfurt] epoch 11/24 loss=4.8403
[frankfurt] epoch 12/24 36000 crops, device=cuda
[frankfurt] epoch 12/24 loss=4.8095
[frankfurt] epoch 13/24 36000 crops, device=cuda
[frankfurt] epoch 13/24 loss=4.7802
[frankfurt] epoch 14/24 36000 crops, device=cuda
[frankfurt] epoch 14/24 loss=4.7520
[frankfurt] epoch 15/24 36000 crops, device=cuda
[frankfurt] epoch 15/24 loss=4.7281
[frankfurt] epoch 16/24 36000 crops, device=cuda
[frankfurt] epoch 16/24 loss=4.7166
[frankfurt] epoch 17/24 36000 crops, device=cuda
[frankfurt] epoch 17/24 loss=4.6941
[frankfurt] epoch 18/24 36000 crops, device=cuda
[frankfurt] epoch 18/24 loss=4.7021
[frankfurt] epoch 19/24 36000 crops, device=cuda
[frankfurt] epoch 19/24 loss=4.6772
[frankfurt] epoch 20/24 36000 crops, device=cuda
[frankfurt] epoch 20/24 loss=4.6694
[frankfurt] epoch 21/24 36000 crops, device=cuda
[frankfurt] epoch 21/24 loss=4.6687
[frankfurt] epoch 22/24 36000 crops, device=cuda
[frankfurt] epoch 22/24 loss=4.6617
[frankfurt] epoch 23/24 36000 crops, device=cuda
[frankfurt] epoch 23/24 loss=4.6531
[frankfurt] epoch 24/24 36000 crops, device=cuda
[frankfurt] epoch 24/24 loss=4.6586
{"area": "frankfurt", "n_train_crops": 36000, "epochs": 8, "device": "cuda", "train_seconds": 2632.6, "onnx_bytes": 3303402, "init": "pretrained:mobilenet_v3_small IMAGENET1K_V1 features[0..8] (torchvision, BSD-3)", "train_realizations": 3, "epoch_location_resampling": true, "total_epochs_run": 24, "epoch_mult": 3, "lr_schedule": "cosine-per-step to 0 over 13512 steps", "n_train_crops_after_fence": 38632, "n_cal_fenced": 4091, "per_bucket_calibration": {"morning": {"q_star": 0.26, "cal_keep_rate": 0.26, "cal_median_kept_m": 497.5393544993507, "lum_anchor": 0.5113275051116943, "shift": 2.03923145165765, "grid": [{"q": 0.26, "median_kept_m": 497.5393544993507, "keep_rate": 0.26}, {"q": 0.3, "median_kept_m": 566.2883811383147, "keep_rate": 0.3}, {"q": 0.34, "median_kept_m": 658.8213984883016, "keep_rate": 0.34}, {"q": 0.38, "median_kept_m": 672.4803290771374, "keep_rate": 0.38}, {"q": 0.42, "median_kept_m": 672.4803290771374, "keep_rate": 0.42}, {"q": 0.46, "median_kept_m": 686.7732747423387, "keep_rate": 0.46}, {"q": 0.5, "median_kept_m": 676.4093948804677, "keep_rate": 0.5}, {"q": 0.54, "median_kept_m": 724.5511516685292, "keep_rate": 0.54}, {"q": 0.58, "median_kept_m": 737.9323027759301, "keep_rate": 0.58}]}, "midday": {"q_star": 0.3, "cal_keep_rate": 0.3, "cal_median_kept_m": 590.0727069700404, "lum_anchor": 0.5848574638366699, "shift": 1.5981571613820753, "grid": [{"q": 0.26, "median_kept_m": 590.0727069700404, "keep_rate": 0.26}, {"q": 0.3, "median_kept_m": 590.0727069700404, "keep_rate": 0.3}, {"q": 0.34, "median_kept_m": 627.0956060430894, "keep_rate": 0.34}, {"q": 0.38, "median_kept_m": 628.0986490140942, "keep_rate": 0.38}, {"q": 0.42, "median_kept_m": 669.4700048918403, "keep_rate": 0.42}, {"q": 0.46, "median_kept_m": 749.133763402619, "keep_rate": 0.46}, {"q": 0.5, "median_kept_m": 748.789177481443, "keep_rate": 0.5}, {"q": 0.54, "median_kept_m": 798.2053511285612, "keep_rate": 0.54}, {"q": 0.58, "median_kept_m": 798.2053511285612, "keep_rate": 0.58}]}, "afternoon": {"q_star": 0.26, "cal_keep_rate": 0.26, "cal_median_kept_m": 625.5374445843418, "lum_anchor": 0.5410025119781494, "shift": 1.8516747628720973, "grid": [{"q": 0.26, "median_kept_m": 625.5374445843418, "keep_rate": 0.26}, {"q": 0.3, "median_kept_m": 653.5468756939308, "keep_rate": 0.3}, {"q": 0.34, "median_kept_m": 653.5468756939308, "keep_rate": 0.34}, {"q": 0.38, "median_kept_m": 751.3424722390546, "keep_rate": 0.38}, {"q": 0.42, "median_kept_m": 725.5129163064355, "keep_rate": 0.42}, {"q": 0.46, "median_kept_m": 755.4398051026349, "keep_rate": 0.46}, {"q": 0.5, "median_kept_m": 784.688080913385, "keep_rate": 0.5}, {"q": 0.54, "median_kept_m": 784.688080913385, "keep_rate": 0.54}, {"q": 0.58, "median_kept_m": 821.7005882491333, "keep_rate": 0.58}]}, "early_evening": {"q_star": 0.26, "cal_keep_rate": 0.26, "cal_median_kept_m": 478.18382259368894, "lum_anchor": 0.4256308078765869, "shift": 1.4765746234925958, "grid": [{"q": 0.26, "median_kept_m": 478.18382259368894, "keep_rate": 0.26}, {"q": 0.3, "median_kept_m": 533.7522181834281, "keep_rate": 0.3}, {"q": 0.34, "median_kept_m": 626.9150926857075, "keep_rate": 0.34}, {"q": 0.38, "median_kept_m": 665.4749770865208, "keep_rate": 0.38}, {"q": 0.42, "median_kept_m": 720.6265199467204, "keep_rate": 0.42}, {"q": 0.46, "median_kept_m": 720.6265199467204, "keep_rate": 0.46}, {"q": 0.5, "median_kept_m": 748.4566253423707, "keep_rate": 0.5}, {"q": 0.54, "median_kept_m": 748.4566253423707, "keep_rate": 0.54}, {"q": 0.58, "median_kept_m": 774.1757099374377, "keep_rate": 0.58}]}, "evening": {"q_star": 0.26, "cal_keep_rate": 0.26, "cal_median_kept_m": 884.3201501467595, "lum_anchor": 0.35988155007362366, "shift": 1.4968345557721825, "grid": [{"q": 0.26, "median_kept_m": 884.3201501467595, "keep_rate": 0.26}, {"q": 0.3, "median_kept_m": 940.2571286597922, "keep_rate": 0.3}, {"q": 0.34, "median_kept_m": 940.2571286597922, "keep_rate": 0.34}, {"q": 0.38, "median_kept_m": 972.6687390744116, "keep_rate": 0.38}, {"q": 0.42, "median_kept_m": 984.071686403827, "keep_rate": 0.42}, {"q": 0.46, "median_kept_m": 972.6687390744116, "keep_rate": 0.46}, {"q": 0.5, "median_kept_m": 987.8777816968955, "keep_rate": 0.5}, {"q": 0.54, "median_kept_m": 964.3297508470965, "keep_rate": 0.54}, {"q": 0.58, "median_kept_m": 970.8123833750785, "keep_rate": 0.58}]}, "night": {"q_star": 0.26, "cal_keep_rate": 0.26, "cal_median_kept_m": 809.4425573795036, "lum_anchor": 0.239554300904274, "shift": 0.4072578643830987, "grid": [{"q": 0.26, "median_kept_m": 809.4425573795036, "keep_rate": 0.26}, {"q": 0.3, "median_kept_m": 873.15682126521, "keep_rate": 0.3}, {"q": 0.34, "median_kept_m": 917.0370334001204, "keep_rate": 0.34}, {"q": 0.38, "median_kept_m": 947.82602912527, "keep_rate": 0.38}, {"q": 0.42, "median_kept_m": 922.973237557652, "keep_rate": 0.42}, {"q": 0.46, "median_kept_m": 947.82602912527, "keep_rate": 0.46}, {"q": 0.5, "median_kept_m": 929.805306249162, "keep_rate": 0.5}, {"q": 0.54, "median_kept_m": 956.0359575704383, "keep_rate": 0.54}, {"q": 0.58, "median_kept_m": 954.403438793034, "keep_rate": 0.58}]}}, "conf_lum_anchors": [0.239554300904274, 0.35988155007362366, 0.4256308078765869, 0.5113275051116943, 0.5410025119781494, 0.5848574638366699], "conf_shift": [0.4072578643830987, 1.4968345557721825, 1.4765746234925958, 2.03923145165765, 1.8516747628720973, 1.5981571613820753], "n_cal_crops": 2400}
