/workspace/low-light-geolocalization-autoresearch/model/model.py:230: TracerWarning: Converting a tensor to a Python boolean might cause the trace to be incorrect. We can't record the data flow of Python values, so this value will be treated as a constant in the future. This means that the trace might not generalize to other inputs!
  if return_logits:
WARNING:root:Please consider to run pre-processing before quantization. Refer to example: https://github.com/microsoft/onnxruntime-inference-examples/blob/main/quantization/image_classification/cpu/ReadMe.md 
[munich] epoch 1/24 36000 crops, device=cuda
[munich] epoch 1/24 loss=6.2428
[munich] epoch 2/24 36000 crops, device=cuda
[munich] epoch 2/24 loss=5.7018
[munich] epoch 3/24 36000 crops, device=cuda
[munich] epoch 3/24 loss=5.4798
[munich] epoch 4/24 36000 crops, device=cuda
[munich] epoch 4/24 loss=5.3455
[munich] epoch 5/24 36000 crops, device=cuda
[munich] epoch 5/24 loss=5.2285
[munich] epoch 6/24 36000 crops, device=cuda
[munich] epoch 6/24 loss=5.1524
[munich] epoch 7/24 36000 crops, device=cuda
[munich] epoch 7/24 loss=5.0786
[munich] epoch 8/24 36000 crops, device=cuda
[munich] epoch 8/24 loss=5.0096
[munich] epoch 9/24 36000 crops, device=cuda
[munich] epoch 9/24 loss=4.9533
[munich] epoch 10/24 36000 crops, device=cuda
[munich] epoch 10/24 loss=4.9062
[munich] epoch 11/24 36000 crops, device=cuda
[munich] epoch 11/24 loss=4.8853
[munich] epoch 12/24 36000 crops, device=cuda
[munich] epoch 12/24 loss=4.8302
[munich] epoch 13/24 36000 crops, device=cuda
[munich] epoch 13/24 loss=4.8058
[munich] epoch 14/24 36000 crops, device=cuda
[munich] epoch 14/24 loss=4.7826
[munich] epoch 15/24 36000 crops, device=cuda
[munich] epoch 15/24 loss=4.7542
[munich] epoch 16/24 36000 crops, device=cuda
[munich] epoch 16/24 loss=4.7339
[munich] epoch 17/24 36000 crops, device=cuda
[munich] epoch 17/24 loss=4.7281
[munich] epoch 18/24 36000 crops, device=cuda
[munich] epoch 18/24 loss=4.7099
[munich] epoch 19/24 36000 crops, device=cuda
[munich] epoch 19/24 loss=4.7015
[munich] epoch 20/24 36000 crops, device=cuda
[munich] epoch 20/24 loss=4.6905
[munich] epoch 21/24 36000 crops, device=cuda
[munich] epoch 21/24 loss=4.6887
[munich] epoch 22/24 36000 crops, device=cuda
[munich] epoch 22/24 loss=4.6787
[munich] epoch 23/24 36000 crops, device=cuda
[munich] epoch 23/24 loss=4.6734
[munich] epoch 24/24 36000 crops, device=cuda
[munich] epoch 24/24 loss=4.6756
{"area": "munich", "n_train_crops": 36000, "epochs": 8, "device": "cuda", "train_seconds": 2834.8, "onnx_bytes": 2491070, "init": "pretrained:mobilenet_v3_small IMAGENET1K_V1 features[0..8] (torchvision, BSD-3)", "train_realizations": 3, "epoch_location_resampling": true, "total_epochs_run": 24, "epoch_mult": 3, "lr_schedule": "cosine-per-step to 0 over 13512 steps", "conf_shift": 0.4531654715538025, "cal_logit_threshold": -0.3940324008464819, "cal_keep_rate_per_bucket": {"morning": 0.8, "midday": 0.74, "afternoon": 0.79, "early_evening": 0.7575, "evening": 0.685, "night": 0.4}}
