/workspace/low-light-geolocalization-autoresearch/model/model.py:220: TracerWarning: Converting a tensor to a Python boolean might cause the trace to be incorrect. We can't record the data flow of Python values, so this value will be treated as a constant in the future. This means that the trace might not generalize to other inputs!
  if return_logits:
[munich] epoch 1/24 36000 crops, device=cuda
[munich] epoch 1/24 loss=6.7407
[munich] epoch 2/24 36000 crops, device=cuda
[munich] epoch 2/24 loss=6.4506
[munich] epoch 3/24 36000 crops, device=cuda
[munich] epoch 3/24 loss=6.3179
[munich] epoch 4/24 36000 crops, device=cuda
[munich] epoch 4/24 loss=6.2095
[munich] epoch 5/24 36000 crops, device=cuda
[munich] epoch 5/24 loss=6.1310
[munich] epoch 6/24 36000 crops, device=cuda
[munich] epoch 6/24 loss=6.0595
[munich] epoch 7/24 36000 crops, device=cuda
[munich] epoch 7/24 loss=6.0087
[munich] epoch 8/24 36000 crops, device=cuda
[munich] epoch 8/24 loss=5.9590
[munich] epoch 9/24 36000 crops, device=cuda
[munich] epoch 9/24 loss=5.9272
[munich] epoch 10/24 36000 crops, device=cuda
[munich] epoch 10/24 loss=5.8701
[munich] epoch 11/24 36000 crops, device=cuda
[munich] epoch 11/24 loss=5.8411
[munich] epoch 12/24 36000 crops, device=cuda
[munich] epoch 12/24 loss=5.7934
[munich] epoch 13/24 36000 crops, device=cuda
[munich] epoch 13/24 loss=5.7658
[munich] epoch 14/24 36000 crops, device=cuda
[munich] epoch 14/24 loss=5.7158
[munich] epoch 15/24 36000 crops, device=cuda
[munich] epoch 15/24 loss=5.7007
[munich] epoch 16/24 36000 crops, device=cuda
[munich] epoch 16/24 loss=5.6692
[munich] epoch 17/24 36000 crops, device=cuda
[munich] epoch 17/24 loss=5.6430
[munich] epoch 18/24 36000 crops, device=cuda
[munich] epoch 18/24 loss=5.6286
[munich] epoch 19/24 36000 crops, device=cuda
[munich] epoch 19/24 loss=5.6103
[munich] epoch 20/24 36000 crops, device=cuda
[munich] epoch 20/24 loss=5.5844
[munich] epoch 21/24 36000 crops, device=cuda
[munich] epoch 21/24 loss=5.5747
[munich] epoch 22/24 36000 crops, device=cuda
[munich] epoch 22/24 loss=5.5613
[munich] epoch 23/24 36000 crops, device=cuda
[munich] epoch 23/24 loss=5.5611
[munich] epoch 24/24 36000 crops, device=cuda
[munich] epoch 24/24 loss=5.5535
{"area": "munich", "n_train_crops": 36000, "epochs": 8, "device": "cuda", "train_seconds": 2627.8, "onnx_bytes": 2438820, "init": "from-scratch 4-stage conv trunk + hierarchical 64-macro x 16-fine dispatch head", "train_realizations": 3, "epoch_location_resampling": true, "total_epochs_run": 24, "epoch_mult": 3, "lr_schedule": "cosine-per-step to 0 over 13512 steps", "confusability_alpha": 0.5, "cell_weight_ratio_p90_p10": 3.622722257614272, "conf_shift": 0.2642464339733124, "cal_logit_threshold": -0.5829514145851137, "cal_keep_rate_per_bucket": {"morning": 0.6275, "midday": 0.56, "afternoon": 0.665, "early_evening": 0.61, "evening": 0.555, "night": 0.4}}
