/workspace/low-light-geolocalization-autoresearch/model/model.py:220: TracerWarning: Converting a tensor to a Python boolean might cause the trace to be incorrect. We can't record the data flow of Python values, so this value will be treated as a constant in the future. This means that the trace might not generalize to other inputs!
  if return_logits:
[berlin] epoch 1/24 36000 crops, device=cuda
[berlin] epoch 1/24 loss=6.7477
[berlin] epoch 2/24 36000 crops, device=cuda
[berlin] epoch 2/24 loss=6.5014
[berlin] epoch 3/24 36000 crops, device=cuda
[berlin] epoch 3/24 loss=6.4096
[berlin] epoch 4/24 36000 crops, device=cuda
[berlin] epoch 4/24 loss=6.3378
[berlin] epoch 5/24 36000 crops, device=cuda
[berlin] epoch 5/24 loss=6.2662
[berlin] epoch 6/24 36000 crops, device=cuda
[berlin] epoch 6/24 loss=6.2296
[berlin] epoch 7/24 36000 crops, device=cuda
[berlin] epoch 7/24 loss=6.1844
[berlin] epoch 8/24 36000 crops, device=cuda
[berlin] epoch 8/24 loss=6.1439
[berlin] epoch 9/24 36000 crops, device=cuda
[berlin] epoch 9/24 loss=6.1069
[berlin] epoch 10/24 36000 crops, device=cuda
[berlin] epoch 10/24 loss=6.0727
[berlin] epoch 11/24 36000 crops, device=cuda
[berlin] epoch 11/24 loss=6.0260
[berlin] epoch 12/24 36000 crops, device=cuda
[berlin] epoch 12/24 loss=5.9965
[berlin] epoch 13/24 36000 crops, device=cuda
[berlin] epoch 13/24 loss=5.9674
[berlin] epoch 14/24 36000 crops, device=cuda
[berlin] epoch 14/24 loss=5.9371
[berlin] epoch 15/24 36000 crops, device=cuda
[berlin] epoch 15/24 loss=5.8982
[berlin] epoch 16/24 36000 crops, device=cuda
[berlin] epoch 16/24 loss=5.8725
[berlin] epoch 17/24 36000 crops, device=cuda
[berlin] epoch 17/24 loss=5.8522
[berlin] epoch 18/24 36000 crops, device=cuda
[berlin] epoch 18/24 loss=5.8302
[berlin] epoch 19/24 36000 crops, device=cuda
[berlin] epoch 19/24 loss=5.8095
[berlin] epoch 20/24 36000 crops, device=cuda
[berlin] epoch 20/24 loss=5.7973
[berlin] epoch 21/24 36000 crops, device=cuda
[berlin] epoch 21/24 loss=5.7911
[berlin] epoch 22/24 36000 crops, device=cuda
[berlin] epoch 22/24 loss=5.7753
[berlin] epoch 23/24 36000 crops, device=cuda
[berlin] epoch 23/24 loss=5.7742
[berlin] epoch 24/24 36000 crops, device=cuda
[berlin] epoch 24/24 loss=5.7701
{"area": "berlin", "n_train_crops": 36000, "epochs": 8, "device": "cuda", "train_seconds": 2464.7, "onnx_bytes": 2438820, "init": "from-scratch 4-stage conv trunk + hierarchical 64-macro x 16-fine dispatch head", "train_realizations": 3, "epoch_location_resampling": true, "total_epochs_run": 24, "epoch_mult": 3, "lr_schedule": "cosine-per-step to 0 over 13512 steps", "confusability_alpha": 0.5, "cell_weight_ratio_p90_p10": 3.926471832025122, "conf_shift": -0.13875797390937805, "cal_logit_threshold": -0.9859558343887334, "cal_keep_rate_per_bucket": {"morning": 0.5425, "midday": 0.46, "afternoon": 0.515, "early_evening": 0.47, "evening": 0.4825, "night": 0.4}}
