/workspace/low-light-geolocalization-autoresearch/model/model.py:220: TracerWarning: Converting a tensor to a Python boolean might cause the trace to be incorrect. We can't record the data flow of Python values, so this value will be treated as a constant in the future. This means that the trace might not generalize to other inputs!
  if return_logits:
[prignitz] epoch 1/24 36000 crops, device=cuda
[prignitz] epoch 1/24 loss=6.6810
[prignitz] epoch 2/24 36000 crops, device=cuda
[prignitz] epoch 2/24 loss=6.3716
[prignitz] epoch 3/24 36000 crops, device=cuda
[prignitz] epoch 3/24 loss=6.2126
[prignitz] epoch 4/24 36000 crops, device=cuda
[prignitz] epoch 4/24 loss=6.1124
[prignitz] epoch 5/24 36000 crops, device=cuda
[prignitz] epoch 5/24 loss=6.0309
[prignitz] epoch 6/24 36000 crops, device=cuda
[prignitz] epoch 6/24 loss=5.9564
[prignitz] epoch 7/24 36000 crops, device=cuda
[prignitz] epoch 7/24 loss=5.8780
[prignitz] epoch 8/24 36000 crops, device=cuda
[prignitz] epoch 8/24 loss=5.8331
[prignitz] epoch 9/24 36000 crops, device=cuda
[prignitz] epoch 9/24 loss=5.7785
[prignitz] epoch 10/24 36000 crops, device=cuda
[prignitz] epoch 10/24 loss=5.7373
[prignitz] epoch 11/24 36000 crops, device=cuda
[prignitz] epoch 11/24 loss=5.6947
[prignitz] epoch 12/24 36000 crops, device=cuda
[prignitz] epoch 12/24 loss=5.6430
[prignitz] epoch 13/24 36000 crops, device=cuda
[prignitz] epoch 13/24 loss=5.6254
[prignitz] epoch 14/24 36000 crops, device=cuda
[prignitz] epoch 14/24 loss=5.5833
[prignitz] epoch 15/24 36000 crops, device=cuda
[prignitz] epoch 15/24 loss=5.5627
[prignitz] epoch 16/24 36000 crops, device=cuda
[prignitz] epoch 16/24 loss=5.5289
[prignitz] epoch 17/24 36000 crops, device=cuda
[prignitz] epoch 17/24 loss=5.5039
[prignitz] epoch 18/24 36000 crops, device=cuda
[prignitz] epoch 18/24 loss=5.4833
[prignitz] epoch 19/24 36000 crops, device=cuda
[prignitz] epoch 19/24 loss=5.4552
[prignitz] epoch 20/24 36000 crops, device=cuda
[prignitz] epoch 20/24 loss=5.4413
[prignitz] epoch 21/24 36000 crops, device=cuda
[prignitz] epoch 21/24 loss=5.4296
[prignitz] epoch 22/24 36000 crops, device=cuda
[prignitz] epoch 22/24 loss=5.4209
[prignitz] epoch 23/24 36000 crops, device=cuda
[prignitz] epoch 23/24 loss=5.4121
[prignitz] epoch 24/24 36000 crops, device=cuda
[prignitz] epoch 24/24 loss=5.4124
{"area": "prignitz", "n_train_crops": 36000, "epochs": 8, "device": "cuda", "train_seconds": 2261.1, "onnx_bytes": 2438820, "init": "from-scratch 4-stage conv trunk + hierarchical 64-macro x 16-fine dispatch head", "train_realizations": 3, "epoch_location_resampling": true, "total_epochs_run": 24, "epoch_mult": 3, "lr_schedule": "cosine-per-step to 0 over 13512 steps", "confusability_alpha": 0.5, "cell_weight_ratio_p90_p10": 3.028598520134326, "conf_shift": 0.6432974338531494, "cal_logit_threshold": -0.20390045046806343, "cal_keep_rate_per_bucket": {"morning": 0.5775, "midday": 0.6175, "afternoon": 0.6475, "early_evening": 0.66, "evening": 0.6375, "night": 0.4}}
