/workspace/low-light-geolocalization-autoresearch/model/model.py:200: TracerWarning: Converting a tensor to a Python boolean might cause the trace to be incorrect. We can't record the data flow of Python values, so this value will be treated as a constant in the future. This means that the trace might not generalize to other inputs!
  if return_logits:
[munich] epoch 1/24 36000 crops, device=cuda
[munich] epoch 1/24 loss=6.3024
[munich] epoch 2/24 36000 crops, device=cuda
[munich] epoch 2/24 loss=5.7427
[munich] epoch 3/24 36000 crops, device=cuda
[munich] epoch 3/24 loss=5.5172
[munich] epoch 4/24 36000 crops, device=cuda
[munich] epoch 4/24 loss=5.3669
[munich] epoch 5/24 36000 crops, device=cuda
[munich] epoch 5/24 loss=5.2385
[munich] epoch 6/24 36000 crops, device=cuda
[munich] epoch 6/24 loss=5.1416
[munich] epoch 7/24 36000 crops, device=cuda
[munich] epoch 7/24 loss=5.0605
[munich] epoch 8/24 36000 crops, device=cuda
[munich] epoch 8/24 loss=4.9927
[munich] epoch 9/24 36000 crops, device=cuda
[munich] epoch 9/24 loss=4.9381
[munich] epoch 10/24 36000 crops, device=cuda
[munich] epoch 10/24 loss=4.8947
[munich] epoch 11/24 36000 crops, device=cuda
[munich] epoch 11/24 loss=4.8488
[munich] epoch 12/24 36000 crops, device=cuda
[munich] epoch 12/24 loss=4.8171
[munich] epoch 13/24 36000 crops, device=cuda
[munich] epoch 13/24 loss=4.7922
[munich] epoch 14/24 36000 crops, device=cuda
[munich] epoch 14/24 loss=4.7644
[munich] epoch 15/24 36000 crops, device=cuda
[munich] epoch 15/24 loss=4.7332
[munich] epoch 16/24 36000 crops, device=cuda
[munich] epoch 16/24 loss=4.7136
[munich] epoch 17/24 36000 crops, device=cuda
[munich] epoch 17/24 loss=4.6991
[munich] epoch 18/24 36000 crops, device=cuda
[munich] epoch 18/24 loss=4.6889
[munich] epoch 19/24 36000 crops, device=cuda
[munich] epoch 19/24 loss=4.6826
[munich] epoch 20/24 36000 crops, device=cuda
[munich] epoch 20/24 loss=4.6714
[munich] epoch 21/24 36000 crops, device=cuda
[munich] epoch 21/24 loss=4.6712
[munich] epoch 22/24 36000 crops, device=cuda
[munich] epoch 22/24 loss=4.6662
[munich] epoch 23/24 36000 crops, device=cuda
[munich] epoch 23/24 loss=4.6609
[munich] epoch 24/24 36000 crops, device=cuda
[munich] epoch 24/24 loss=4.6675
{"area": "munich", "n_train_crops": 36000, "epochs": 8, "device": "cuda", "train_seconds": 2953.5, "onnx_bytes": 3302661, "init": "pretrained:mobilenet_v3_small IMAGENET1K_V1 features[0..8] (torchvision, BSD-3)", "train_realizations": 3, "epoch_location_resampling": true, "total_epochs_run": 24, "epoch_mult": 3, "lr_schedule": "cosine-per-step to 0 over 13512 steps", "confusability_alpha": 0.5, "cell_weight_ratio_p90_p10": 3.622722257614272, "conf_shift": 0.5636747479438782, "cal_logit_threshold": -0.2835231065750123, "cal_keep_rate_per_bucket": {"morning": 0.7825, "midday": 0.7375, "afternoon": 0.8, "early_evening": 0.7825, "evening": 0.705, "night": 0.4}}
