/workspace/low-light-geolocalization-autoresearch/model/model.py:200: TracerWarning: Converting a tensor to a Python boolean might cause the trace to be incorrect. We can't record the data flow of Python values, so this value will be treated as a constant in the future. This means that the trace might not generalize to other inputs!
  if return_logits:
[berlin] epoch 1/24 36000 crops, device=cuda
[berlin] epoch 1/24 loss=6.3140
[berlin] epoch 2/24 36000 crops, device=cuda
[berlin] epoch 2/24 loss=5.8506
[berlin] epoch 3/24 36000 crops, device=cuda
[berlin] epoch 3/24 loss=5.6409
[berlin] epoch 4/24 36000 crops, device=cuda
[berlin] epoch 4/24 loss=5.4906
[berlin] epoch 5/24 36000 crops, device=cuda
[berlin] epoch 5/24 loss=5.3762
[berlin] epoch 6/24 36000 crops, device=cuda
[berlin] epoch 6/24 loss=5.2923
[berlin] epoch 7/24 36000 crops, device=cuda
[berlin] epoch 7/24 loss=5.2056
[berlin] epoch 8/24 36000 crops, device=cuda
[berlin] epoch 8/24 loss=5.1430
[berlin] epoch 9/24 36000 crops, device=cuda
[berlin] epoch 9/24 loss=5.0927
[berlin] epoch 10/24 36000 crops, device=cuda
[berlin] epoch 10/24 loss=5.0371
[berlin] epoch 11/24 36000 crops, device=cuda
[berlin] epoch 11/24 loss=4.9918
[berlin] epoch 12/24 36000 crops, device=cuda
[berlin] epoch 12/24 loss=4.9563
[berlin] epoch 13/24 36000 crops, device=cuda
[berlin] epoch 13/24 loss=4.9242
[berlin] epoch 14/24 36000 crops, device=cuda
[berlin] epoch 14/24 loss=4.8967
[berlin] epoch 15/24 36000 crops, device=cuda
[berlin] epoch 15/24 loss=4.8725
[berlin] epoch 16/24 36000 crops, device=cuda
[berlin] epoch 16/24 loss=4.8533
[berlin] epoch 17/24 36000 crops, device=cuda
[berlin] epoch 17/24 loss=4.8484
[berlin] epoch 18/24 36000 crops, device=cuda
[berlin] epoch 18/24 loss=4.8190
[berlin] epoch 19/24 36000 crops, device=cuda
[berlin] epoch 19/24 loss=4.8077
[berlin] epoch 20/24 36000 crops, device=cuda
[berlin] epoch 20/24 loss=4.8070
[berlin] epoch 21/24 36000 crops, device=cuda
[berlin] epoch 21/24 loss=4.8005
[berlin] epoch 22/24 36000 crops, device=cuda
[berlin] epoch 22/24 loss=4.7986
[berlin] epoch 23/24 36000 crops, device=cuda
[berlin] epoch 23/24 loss=4.7909
[berlin] epoch 24/24 36000 crops, device=cuda
[berlin] epoch 24/24 loss=4.7937
{"area": "berlin", "n_train_crops": 36000, "epochs": 8, "device": "cuda", "train_seconds": 2782.2, "onnx_bytes": 3302661, "init": "pretrained:mobilenet_v3_small IMAGENET1K_V1 features[0..8] (torchvision, BSD-3)", "train_realizations": 3, "epoch_location_resampling": true, "total_epochs_run": 24, "epoch_mult": 3, "lr_schedule": "cosine-per-step to 0 over 13512 steps", "confusability_alpha": 0.5, "cell_weight_ratio_p90_p10": 3.926471832025122, "conf_shift": 0.4412344992160797, "cal_logit_threshold": -0.4059633493423466, "cal_keep_rate_per_bucket": {"morning": 0.7225, "midday": 0.6975, "afternoon": 0.6925, "early_evening": 0.6975, "evening": 0.6525, "night": 0.4}}
