/Users/alexisrondeau/Workshop/low-light-geolocalization-autoresearch/model/model.py:117: TracerWarning: Converting a tensor to a Python boolean might cause the trace to be incorrect. We can't record the data flow of Python values, so this value will be treated as a constant in the future. This means that the trace might not generalize to other inputs!
  if return_logits:
[berlin] epoch 1/9 9000 crops, device=mps
[berlin] epoch 1/9 loss=0.0206
[berlin] epoch 2/9 9000 crops, device=mps
[berlin] epoch 2/9 loss=-0.0675
[berlin] epoch 3/9 9000 crops, device=mps
[berlin] epoch 3/9 loss=-0.0736
[berlin] epoch 4/9 9000 crops, device=mps
[berlin] epoch 4/9 loss=-0.0785
[berlin] epoch 5/9 9000 crops, device=mps
[berlin] epoch 5/9 loss=-0.0813
[berlin] epoch 6/9 9000 crops, device=mps
[berlin] epoch 6/9 loss=-0.0880
[berlin] epoch 7/9 9000 crops, device=mps
[berlin] epoch 7/9 loss=-0.0914
[berlin] epoch 8/9 9000 crops, device=mps
[berlin] epoch 8/9 loss=-0.0947
[berlin] epoch 9/9 9000 crops, device=mps
[berlin] epoch 9/9 loss=-0.0951
{"area": "berlin", "n_train_crops": 9000, "epochs": 3, "device": "mps", "train_seconds": 426.7, "onnx_bytes": 391704, "init": "from-scratch (no pretrained trunk)", "train_realizations": 3, "epoch_location_resampling": true, "total_epochs_run": 9, "epoch_mult": 3, "lr_schedule": "cosine-per-step to 0 over 1269 steps", "confusability_alpha": 0.5, "location_weight_ratio_p90_p10": 4.540657043457031, "conf_shift": -3.1132326126098633, "cal_logit_threshold": -3.960430383682251, "cal_keep_rate_per_bucket": {"morning": 0.7825, "midday": 0.76, "afternoon": 0.8225, "early_evening": 0.6575, "evening": 0.5075, "night": 0.4025}}
