/workspace/low-light-geolocalization-autoresearch/model/model.py:249: TracerWarning: Converting a tensor to a Python boolean might cause the trace to be incorrect. We can't record the data flow of Python values, so this value will be treated as a constant in the future. This means that the trace might not generalize to other inputs!
  margin = top2[:, 0:1] - (top2[:, 1:2] if top2.shape[1] > 1 else torch.zeros_like(top2[:, 0:1]))
/workspace/low-light-geolocalization-autoresearch/model/model.py:255: TracerWarning: Converting a tensor to a Python boolean might cause the trace to be incorrect. We can't record the data flow of Python values, so this value will be treated as a constant in the future. This means that the trace might not generalize to other inputs!
  if return_aux:
[berlin] epoch 1/24 36000 crops, device=cuda
[berlin] epoch 1/24 loss=8.4794
[berlin] epoch 2/24 36000 crops, device=cuda
[berlin] epoch 2/24 loss=7.9547
[berlin] epoch 3/24 36000 crops, device=cuda
[berlin] epoch 3/24 loss=7.7155
[berlin] epoch 4/24 36000 crops, device=cuda
[berlin] epoch 4/24 loss=7.5217
[berlin] epoch 5/24 36000 crops, device=cuda
[berlin] epoch 5/24 loss=7.3796
[berlin] epoch 6/24 36000 crops, device=cuda
[berlin] epoch 6/24 loss=7.2446
[berlin] epoch 7/24 36000 crops, device=cuda
[berlin] epoch 7/24 loss=7.1382
[berlin] epoch 8/24 36000 crops, device=cuda
[berlin] epoch 8/24 loss=7.0045
[berlin] epoch 9/24 36000 crops, device=cuda
[berlin] epoch 9/24 loss=6.9186
[berlin] epoch 10/24 36000 crops, device=cuda
[berlin] epoch 10/24 loss=6.7999
[berlin] epoch 11/24 36000 crops, device=cuda
[berlin] epoch 11/24 loss=6.7314
[berlin] epoch 12/24 36000 crops, device=cuda
[berlin] epoch 12/24 loss=6.6564
[berlin] epoch 13/24 36000 crops, device=cuda
[berlin] epoch 13/24 loss=6.5769
[berlin] epoch 14/24 36000 crops, device=cuda
[berlin] epoch 14/24 loss=6.5166
[berlin] epoch 15/24 36000 crops, device=cuda
[berlin] epoch 15/24 loss=6.4622
[berlin] epoch 16/24 36000 crops, device=cuda
[berlin] epoch 16/24 loss=6.4304
[berlin] epoch 17/24 36000 crops, device=cuda
[berlin] epoch 17/24 loss=6.3911
[berlin] epoch 18/24 36000 crops, device=cuda
[berlin] epoch 18/24 loss=6.3299
[berlin] epoch 19/24 36000 crops, device=cuda
[berlin] epoch 19/24 loss=6.3096
[berlin] epoch 20/24 36000 crops, device=cuda
[berlin] epoch 20/24 loss=6.2789
[berlin] epoch 21/24 36000 crops, device=cuda
[berlin] epoch 21/24 loss=6.2681
[berlin] epoch 22/24 36000 crops, device=cuda
[berlin] epoch 22/24 loss=6.2469
[berlin] epoch 23/24 36000 crops, device=cuda
[berlin] epoch 23/24 loss=6.2395
[berlin] epoch 24/24 36000 crops, device=cuda
[berlin] epoch 24/24 loss=6.2377
{"area": "berlin", "n_train_crops": 36000, "epochs": 8, "device": "cuda", "train_seconds": 2600.9, "onnx_bytes": 3172600, "init": "from-scratch: 4-block conv trunk + coarse-field proposer + pairwise rerank comparator (exp 45)", "train_realizations": 3, "epoch_location_resampling": true, "total_epochs_run": 24, "epoch_mult": 3, "lr_schedule": "cosine-per-step to 0 over 13512 steps", "confusability_alpha": 0.5, "cell_weight_ratio_p90_p10": 3.926471832025122, "conf_shift": 2.193298816680908, "cal_logit_threshold": 1.3461009502410888, "cal_keep_rate_per_bucket": {"morning": 0.5075, "midday": 0.4975, "afternoon": 0.4575, "early_evening": 0.52, "evening": 0.47, "night": 0.4025}}
