/workspace/low-light-geolocalization-autoresearch/model/model.py:228: TracerWarning: Converting a tensor to a Python boolean might cause the trace to be incorrect. We can't record the data flow of Python values, so this value will be treated as a constant in the future. This means that the trace might not generalize to other inputs!
  if return_logits:
WARNING:root:Please consider to run pre-processing before quantization. Refer to example: https://github.com/microsoft/onnxruntime-inference-examples/blob/main/quantization/image_classification/cpu/ReadMe.md 
[prignitz] crops: 45713 total, 37419 fit, 4820 cal
[prignitz] epoch 1/24 36000 crops, device=cuda
[prignitz] epoch 1/24 loss=5.8405
[prignitz] epoch 2/24 36000 crops, device=cuda
[prignitz] epoch 2/24 loss=5.0098
[prignitz] epoch 3/24 36000 crops, device=cuda
[prignitz] epoch 3/24 loss=4.7136
[prignitz] epoch 4/24 36000 crops, device=cuda
[prignitz] epoch 4/24 loss=4.5361
[prignitz] epoch 5/24 36000 crops, device=cuda
[prignitz] epoch 5/24 loss=4.4269
[prignitz] epoch 6/24 36000 crops, device=cuda
[prignitz] epoch 6/24 loss=4.3338
[prignitz] epoch 7/24 36000 crops, device=cuda
[prignitz] epoch 7/24 loss=4.2598
[prignitz] epoch 8/24 36000 crops, device=cuda
[prignitz] epoch 8/24 loss=4.2176
[prignitz] epoch 9/24 36000 crops, device=cuda
[prignitz] epoch 9/24 loss=4.1736
[prignitz] epoch 10/24 36000 crops, device=cuda
[prignitz] epoch 10/24 loss=4.1360
[prignitz] epoch 11/24 36000 crops, device=cuda
[prignitz] epoch 11/24 loss=4.1073
[prignitz] epoch 12/24 36000 crops, device=cuda
[prignitz] epoch 12/24 loss=4.0701
[prignitz] epoch 13/24 36000 crops, device=cuda
[prignitz] epoch 13/24 loss=4.0553
[prignitz] epoch 14/24 36000 crops, device=cuda
[prignitz] epoch 14/24 loss=4.0383
[prignitz] epoch 15/24 36000 crops, device=cuda
[prignitz] epoch 15/24 loss=4.0217
[prignitz] epoch 16/24 36000 crops, device=cuda
[prignitz] epoch 16/24 loss=4.0030
[prignitz] epoch 17/24 36000 crops, device=cuda
[prignitz] epoch 17/24 loss=3.9860
[prignitz] epoch 18/24 36000 crops, device=cuda
[prignitz] epoch 18/24 loss=3.9769
[prignitz] epoch 19/24 36000 crops, device=cuda
[prignitz] epoch 19/24 loss=3.9729
[prignitz] epoch 20/24 36000 crops, device=cuda
[prignitz] epoch 20/24 loss=3.9698
[prignitz] epoch 21/24 36000 crops, device=cuda
[prignitz] epoch 21/24 loss=3.9662
[prignitz] epoch 22/24 36000 crops, device=cuda
[prignitz] epoch 22/24 loss=3.9629
[prignitz] epoch 23/24 36000 crops, device=cuda
[prignitz] epoch 23/24 loss=3.9510
[prignitz] epoch 24/24 36000 crops, device=cuda
[prignitz] epoch 24/24 loss=3.9580
{"area": "prignitz", "n_train_crops": 36000, "epochs": 8, "device": "cuda", "train_seconds": 2505.9, "onnx_bytes": 3091446, "init": "pretrained:mobilenet_v3_small IMAGENET1K_V1 features[0..10] (torchvision, BSD-3)", "train_realizations": 3, "epoch_location_resampling": true, "total_epochs_run": 24, "epoch_mult": 3, "lr_schedule": "cosine-per-step to 0 over 13512 steps", "n_fit_crops": 37419, "n_cal_crops": 4820, "cal_block_mod": 10, "cal_on_unseen_ground": true, "conf_shift": 0.933684229850769, "cal_logit_threshold": 0.08648638874292368, "cal_keep_rate_per_bucket": {"morning": 0.715, "midday": 0.705, "afternoon": 0.735, "early_evening": 0.665, "evening": 0.675, "night": 0.4}}
