/workspace/low-light-geolocalization-autoresearch/model/model.py:228: TracerWarning: Converting a tensor to a Python boolean might cause the trace to be incorrect. We can't record the data flow of Python values, so this value will be treated as a constant in the future. This means that the trace might not generalize to other inputs!
  if return_logits:
WARNING:root:Please consider to run pre-processing before quantization. Refer to example: https://github.com/microsoft/onnxruntime-inference-examples/blob/main/quantization/image_classification/cpu/ReadMe.md 
[munich] crops: 50412 total, 39221 fit, 6839 cal
[munich] epoch 1/24 36000 crops, device=cuda
[munich] epoch 1/24 loss=5.9876
[munich] epoch 2/24 36000 crops, device=cuda
[munich] epoch 2/24 loss=5.2519
[munich] epoch 3/24 36000 crops, device=cuda
[munich] epoch 3/24 loss=4.9019
[munich] epoch 4/24 36000 crops, device=cuda
[munich] epoch 4/24 loss=4.6716
[munich] epoch 5/24 36000 crops, device=cuda
[munich] epoch 5/24 loss=4.5062
[munich] epoch 6/24 36000 crops, device=cuda
[munich] epoch 6/24 loss=4.3952
[munich] epoch 7/24 36000 crops, device=cuda
[munich] epoch 7/24 loss=4.2911
[munich] epoch 8/24 36000 crops, device=cuda
[munich] epoch 8/24 loss=4.2257
[munich] epoch 9/24 36000 crops, device=cuda
[munich] epoch 9/24 loss=4.1705
[munich] epoch 10/24 36000 crops, device=cuda
[munich] epoch 10/24 loss=4.1215
[munich] epoch 11/24 36000 crops, device=cuda
[munich] epoch 11/24 loss=4.0868
[munich] epoch 12/24 36000 crops, device=cuda
[munich] epoch 12/24 loss=4.0518
[munich] epoch 13/24 36000 crops, device=cuda
[munich] epoch 13/24 loss=4.0236
[munich] epoch 14/24 36000 crops, device=cuda
[munich] epoch 14/24 loss=4.0035
[munich] epoch 15/24 36000 crops, device=cuda
[munich] epoch 15/24 loss=3.9825
[munich] epoch 16/24 36000 crops, device=cuda
[munich] epoch 16/24 loss=3.9663
[munich] epoch 17/24 36000 crops, device=cuda
[munich] epoch 17/24 loss=3.9608
[munich] epoch 18/24 36000 crops, device=cuda
[munich] epoch 18/24 loss=3.9437
[munich] epoch 19/24 36000 crops, device=cuda
[munich] epoch 19/24 loss=3.9309
[munich] epoch 20/24 36000 crops, device=cuda
[munich] epoch 20/24 loss=3.9321
[munich] epoch 21/24 36000 crops, device=cuda
[munich] epoch 21/24 loss=3.9198
[munich] epoch 22/24 36000 crops, device=cuda
[munich] epoch 22/24 loss=3.9162
[munich] epoch 23/24 36000 crops, device=cuda
[munich] epoch 23/24 loss=3.9114
[munich] epoch 24/24 36000 crops, device=cuda
[munich] epoch 24/24 loss=3.9171
{"area": "munich", "n_train_crops": 36000, "epochs": 8, "device": "cuda", "train_seconds": 2870.8, "onnx_bytes": 3091446, "init": "pretrained:mobilenet_v3_small IMAGENET1K_V1 features[0..10] (torchvision, BSD-3)", "train_realizations": 3, "epoch_location_resampling": true, "total_epochs_run": 24, "epoch_mult": 3, "lr_schedule": "cosine-per-step to 0 over 13512 steps", "n_fit_crops": 39221, "n_cal_crops": 6839, "cal_block_mod": 10, "cal_on_unseen_ground": true, "conf_shift": 1.3994392156600952, "cal_logit_threshold": 0.5522413015365596, "cal_keep_rate_per_bucket": {"morning": 0.5775, "midday": 0.6075, "afternoon": 0.6175, "early_evening": 0.595, "evening": 0.5225, "night": 0.4}}
