/workspace/low-light-geolocalization-autoresearch/model/model.py:200: TracerWarning: Converting a tensor to a Python boolean might cause the trace to be incorrect. We can't record the data flow of Python values, so this value will be treated as a constant in the future. This means that the trace might not generalize to other inputs!
  if return_logits:
[berlin] epoch 1/24 36000 crops, device=cuda
[berlin] epoch 1/24 loss=6.3395
[berlin] epoch 2/24 36000 crops, device=cuda
[berlin] epoch 2/24 loss=5.9248
[berlin] epoch 3/24 36000 crops, device=cuda
[berlin] epoch 3/24 loss=5.7339
[berlin] epoch 4/24 36000 crops, device=cuda
[berlin] epoch 4/24 loss=5.5835
[berlin] epoch 5/24 36000 crops, device=cuda
[berlin] epoch 5/24 loss=5.4691
[berlin] epoch 6/24 36000 crops, device=cuda
[berlin] epoch 6/24 loss=5.3743
[berlin] epoch 7/24 36000 crops, device=cuda
[berlin] epoch 7/24 loss=5.3009
[berlin] epoch 8/24 36000 crops, device=cuda
[berlin] epoch 8/24 loss=5.2213
[berlin] epoch 9/24 36000 crops, device=cuda
[berlin] epoch 9/24 loss=5.1813
[berlin] epoch 10/24 36000 crops, device=cuda
[berlin] epoch 10/24 loss=5.1175
[berlin] epoch 11/24 36000 crops, device=cuda
[berlin] epoch 11/24 loss=5.0847
[berlin] epoch 12/24 36000 crops, device=cuda
[berlin] epoch 12/24 loss=5.0356
[berlin] epoch 13/24 36000 crops, device=cuda
[berlin] epoch 13/24 loss=5.0101
[berlin] epoch 14/24 36000 crops, device=cuda
[berlin] epoch 14/24 loss=4.9905
[berlin] epoch 15/24 36000 crops, device=cuda
[berlin] epoch 15/24 loss=4.9626
[berlin] epoch 16/24 36000 crops, device=cuda
[berlin] epoch 16/24 loss=4.9511
[berlin] epoch 17/24 36000 crops, device=cuda
[berlin] epoch 17/24 loss=4.9208
[berlin] epoch 18/24 36000 crops, device=cuda
[berlin] epoch 18/24 loss=4.9023
[berlin] epoch 19/24 36000 crops, device=cuda
[berlin] epoch 19/24 loss=4.8984
[berlin] epoch 20/24 36000 crops, device=cuda
[berlin] epoch 20/24 loss=4.9009
[berlin] epoch 21/24 36000 crops, device=cuda
[berlin] epoch 21/24 loss=4.8828
[berlin] epoch 22/24 36000 crops, device=cuda
[berlin] epoch 22/24 loss=4.8818
[berlin] epoch 23/24 36000 crops, device=cuda
[berlin] epoch 23/24 loss=4.8865
[berlin] epoch 24/24 36000 crops, device=cuda
[berlin] epoch 24/24 loss=4.8828
{"area": "berlin", "n_train_crops": 36000, "epochs": 8, "device": "cuda", "train_seconds": 2645.4, "onnx_bytes": 3302661, "init": "pretrained:mobilenet_v3_small IMAGENET1K_V1 features[0..8] (torchvision, BSD-3)", "train_realizations": 3, "epoch_location_resampling": true, "total_epochs_run": 24, "epoch_mult": 3, "lr_schedule": "cosine-per-step to 0 over 13512 steps", "optics_jitter": {"p_snap_crisp": 0.25, "p_extra_blur": 0.5, "sigma_px": [0.4, 1.4]}, "conf_shift": 0.3252773880958557, "cal_logit_threshold": -0.5219204783439639, "cal_keep_rate_per_bucket": {"morning": 0.7225, "midday": 0.675, "afternoon": 0.665, "early_evening": 0.64, "evening": 0.62, "night": 0.4}}
