/workspace/low-light-geolocalization-autoresearch/model/model.py:222: TracerWarning: Converting a tensor to a Python boolean might cause the trace to be incorrect. We can't record the data flow of Python values, so this value will be treated as a constant in the future. This means that the trace might not generalize to other inputs!
  if return_recon:
/workspace/low-light-geolocalization-autoresearch/model/model.py:225: TracerWarning: Converting a tensor to a Python boolean might cause the trace to be incorrect. We can't record the data flow of Python values, so this value will be treated as a constant in the future. This means that the trace might not generalize to other inputs!
  if return_logits:
[munich] epoch 1/24 36000 crops, device=cuda
[munich] epoch 1/24 loss=6.8607
[munich] epoch 2/24 36000 crops, device=cuda
[munich] epoch 2/24 loss=6.5088
[munich] epoch 3/24 36000 crops, device=cuda
[munich] epoch 3/24 loss=6.3715
[munich] epoch 4/24 36000 crops, device=cuda
[munich] epoch 4/24 loss=6.2703
[munich] epoch 5/24 36000 crops, device=cuda
[munich] epoch 5/24 loss=6.1570
[munich] epoch 6/24 36000 crops, device=cuda
[munich] epoch 6/24 loss=6.0514
[munich] epoch 7/24 36000 crops, device=cuda
[munich] epoch 7/24 loss=5.9644
[munich] epoch 8/24 36000 crops, device=cuda
[munich] epoch 8/24 loss=5.8860
[munich] epoch 9/24 36000 crops, device=cuda
[munich] epoch 9/24 loss=5.8291
[munich] epoch 10/24 36000 crops, device=cuda
[munich] epoch 10/24 loss=5.7940
[munich] epoch 11/24 36000 crops, device=cuda
[munich] epoch 11/24 loss=5.7358
[munich] epoch 12/24 36000 crops, device=cuda
[munich] epoch 12/24 loss=5.7049
[munich] epoch 13/24 36000 crops, device=cuda
[munich] epoch 13/24 loss=5.6756
[munich] epoch 14/24 36000 crops, device=cuda
[munich] epoch 14/24 loss=5.6510
[munich] epoch 15/24 36000 crops, device=cuda
[munich] epoch 15/24 loss=5.6071
[munich] epoch 16/24 36000 crops, device=cuda
[munich] epoch 16/24 loss=5.5814
[munich] epoch 17/24 36000 crops, device=cuda
[munich] epoch 17/24 loss=5.5588
[munich] epoch 18/24 36000 crops, device=cuda
[munich] epoch 18/24 loss=5.5336
[munich] epoch 19/24 36000 crops, device=cuda
[munich] epoch 19/24 loss=5.5188
[munich] epoch 20/24 36000 crops, device=cuda
[munich] epoch 20/24 loss=5.5041
[munich] epoch 21/24 36000 crops, device=cuda
[munich] epoch 21/24 loss=5.4929
[munich] epoch 22/24 36000 crops, device=cuda
[munich] epoch 22/24 loss=5.4766
[munich] epoch 23/24 36000 crops, device=cuda
[munich] epoch 23/24 loss=5.4776
[munich] epoch 24/24 36000 crops, device=cuda
[munich] epoch 24/24 loss=5.4680
{"area": "munich", "n_train_crops": 36000, "epochs": 8, "device": "cuda", "train_seconds": 3880.6, "onnx_bytes": 2911991, "init": "from-scratch:4-stage conv encoder + joint pixel-reconstruction auxiliary decoder (discarded before export)", "train_realizations": 3, "epoch_location_resampling": true, "total_epochs_run": 24, "epoch_mult": 3, "lr_schedule": "cosine-per-step to 0 over 13512 steps", "confusability_alpha": 0.5, "cell_weight_ratio_p90_p10": 3.622722257614272, "conf_shift": -1.4766944646835327, "cal_logit_threshold": -2.3238923072814943, "cal_keep_rate_per_bucket": {"morning": 0.83, "midday": 0.7925, "afternoon": 0.8, "early_evening": 0.755, "evening": 0.68, "night": 0.4}}
