/workspace/low-light-geolocalization-autoresearch/model/model.py:227: TracerWarning: Converting a tensor to a Python boolean might cause the trace to be incorrect. We can't record the data flow of Python values, so this value will be treated as a constant in the future. This means that the trace might not generalize to other inputs!
  if return_logits:
[berlin] pretrain 150 steps, final loss=0.4707
[berlin] epoch 1/24 36000 crops, device=cuda
[berlin] epoch 1/24 loss=6.4139
[berlin] epoch 2/24 36000 crops, device=cuda
[berlin] epoch 2/24 loss=6.1180
[berlin] epoch 3/24 36000 crops, device=cuda
[berlin] epoch 3/24 loss=5.9799
[berlin] epoch 4/24 36000 crops, device=cuda
[berlin] epoch 4/24 loss=5.8649
[berlin] epoch 5/24 36000 crops, device=cuda
[berlin] epoch 5/24 loss=5.7800
[berlin] epoch 6/24 36000 crops, device=cuda
[berlin] epoch 6/24 loss=5.7109
[berlin] epoch 7/24 36000 crops, device=cuda
[berlin] epoch 7/24 loss=5.6491
[berlin] epoch 8/24 36000 crops, device=cuda
[berlin] epoch 8/24 loss=5.5900
[berlin] epoch 9/24 36000 crops, device=cuda
[berlin] epoch 9/24 loss=5.5526
[berlin] epoch 10/24 36000 crops, device=cuda
[berlin] epoch 10/24 loss=5.4919
[berlin] epoch 11/24 36000 crops, device=cuda
[berlin] epoch 11/24 loss=5.4428
[berlin] epoch 12/24 36000 crops, device=cuda
[berlin] epoch 12/24 loss=5.4078
[berlin] epoch 13/24 36000 crops, device=cuda
[berlin] epoch 13/24 loss=5.3660
[berlin] epoch 14/24 36000 crops, device=cuda
[berlin] epoch 14/24 loss=5.3241
[berlin] epoch 15/24 36000 crops, device=cuda
[berlin] epoch 15/24 loss=5.2890
[berlin] epoch 16/24 36000 crops, device=cuda
[berlin] epoch 16/24 loss=5.2675
[berlin] epoch 17/24 36000 crops, device=cuda
[berlin] epoch 17/24 loss=5.2512
[berlin] epoch 18/24 36000 crops, device=cuda
[berlin] epoch 18/24 loss=5.2109
[berlin] epoch 19/24 36000 crops, device=cuda
[berlin] epoch 19/24 loss=5.1948
[berlin] epoch 20/24 36000 crops, device=cuda
[berlin] epoch 20/24 loss=5.1751
[berlin] epoch 21/24 36000 crops, device=cuda
[berlin] epoch 21/24 loss=5.1707
[berlin] epoch 22/24 36000 crops, device=cuda
[berlin] epoch 22/24 loss=5.1625
[berlin] epoch 23/24 36000 crops, device=cuda
[berlin] epoch 23/24 loss=5.1533
[berlin] epoch 24/24 36000 crops, device=cuda
[berlin] epoch 24/24 loss=5.1473
{"area": "berlin", "n_train_crops": 36000, "epochs": 8, "device": "cuda", "train_seconds": 3010.5, "onnx_bytes": 2912370, "init": "from-scratch (domain-native NT-Xent contrastive pretraining on the frozen relight pipeline's own multi-lighting/heading renders); no ImageNet, no torchvision backbone, no checkpoint file", "train_realizations": 3, "epoch_location_resampling": true, "total_epochs_run": 24, "epoch_mult": 3, "lr_schedule": "cosine-per-step to 0 over 13512 steps", "confusability_alpha": 0.5, "cell_weight_ratio_p90_p10": 3.926471832025122, "pretrain_steps": 150, "pretrain_final_loss": 0.47066483795642855, "conf_shift": -0.7379024624824524, "cal_logit_threshold": -1.585100293159485, "cal_keep_rate_per_bucket": {"morning": 0.725, "midday": 0.6875, "afternoon": 0.7525, "early_evening": 0.73, "evening": 0.74, "night": 0.4}}
