/workspace/low-light-geolocalization-autoresearch/model/model.py:227: TracerWarning: Converting a tensor to a Python boolean might cause the trace to be incorrect. We can't record the data flow of Python values, so this value will be treated as a constant in the future. This means that the trace might not generalize to other inputs!
  if return_logits:
[prignitz] pretrain 150 steps, final loss=0.6452
[prignitz] epoch 1/24 36000 crops, device=cuda
[prignitz] epoch 1/24 loss=6.3619
[prignitz] epoch 2/24 36000 crops, device=cuda
[prignitz] epoch 2/24 loss=5.9650
[prignitz] epoch 3/24 36000 crops, device=cuda
[prignitz] epoch 3/24 loss=5.7779
[prignitz] epoch 4/24 36000 crops, device=cuda
[prignitz] epoch 4/24 loss=5.6285
[prignitz] epoch 5/24 36000 crops, device=cuda
[prignitz] epoch 5/24 loss=5.5272
[prignitz] epoch 6/24 36000 crops, device=cuda
[prignitz] epoch 6/24 loss=5.4448
[prignitz] epoch 7/24 36000 crops, device=cuda
[prignitz] epoch 7/24 loss=5.3600
[prignitz] epoch 8/24 36000 crops, device=cuda
[prignitz] epoch 8/24 loss=5.2928
[prignitz] epoch 9/24 36000 crops, device=cuda
[prignitz] epoch 9/24 loss=5.2317
[prignitz] epoch 10/24 36000 crops, device=cuda
[prignitz] epoch 10/24 loss=5.1766
[prignitz] epoch 11/24 36000 crops, device=cuda
[prignitz] epoch 11/24 loss=5.1366
[prignitz] epoch 12/24 36000 crops, device=cuda
[prignitz] epoch 12/24 loss=5.0890
[prignitz] epoch 13/24 36000 crops, device=cuda
[prignitz] epoch 13/24 loss=5.0490
[prignitz] epoch 14/24 36000 crops, device=cuda
[prignitz] epoch 14/24 loss=5.0141
[prignitz] epoch 15/24 36000 crops, device=cuda
[prignitz] epoch 15/24 loss=4.9809
[prignitz] epoch 16/24 36000 crops, device=cuda
[prignitz] epoch 16/24 loss=4.9470
[prignitz] epoch 17/24 36000 crops, device=cuda
[prignitz] epoch 17/24 loss=4.9132
[prignitz] epoch 18/24 36000 crops, device=cuda
[prignitz] epoch 18/24 loss=4.8941
[prignitz] epoch 19/24 36000 crops, device=cuda
[prignitz] epoch 19/24 loss=4.8732
[prignitz] epoch 20/24 36000 crops, device=cuda
[prignitz] epoch 20/24 loss=4.8529
[prignitz] epoch 21/24 36000 crops, device=cuda
[prignitz] epoch 21/24 loss=4.8293
[prignitz] epoch 22/24 36000 crops, device=cuda
[prignitz] epoch 22/24 loss=4.8244
[prignitz] epoch 23/24 36000 crops, device=cuda
[prignitz] epoch 23/24 loss=4.8152
[prignitz] epoch 24/24 36000 crops, device=cuda
[prignitz] epoch 24/24 loss=4.8235
{"area": "prignitz", "n_train_crops": 36000, "epochs": 8, "device": "cuda", "train_seconds": 2699.2, "onnx_bytes": 2912370, "init": "from-scratch (domain-native NT-Xent contrastive pretraining on the frozen relight pipeline's own multi-lighting/heading renders); no ImageNet, no torchvision backbone, no checkpoint file", "train_realizations": 3, "epoch_location_resampling": true, "total_epochs_run": 24, "epoch_mult": 3, "lr_schedule": "cosine-per-step to 0 over 13512 steps", "confusability_alpha": 0.5, "cell_weight_ratio_p90_p10": 3.028598520134326, "pretrain_steps": 150, "pretrain_final_loss": 0.6451874792575836, "conf_shift": 0.34897616505622864, "cal_logit_threshold": -0.4982216835021975, "cal_keep_rate_per_bucket": {"morning": 0.695, "midday": 0.735, "afternoon": 0.715, "early_evening": 0.7425, "evening": 0.73, "night": 0.4}}
