/workspace/low-light-geolocalization-autoresearch/model/model.py:227: TracerWarning: Converting a tensor to a Python boolean might cause the trace to be incorrect. We can't record the data flow of Python values, so this value will be treated as a constant in the future. This means that the trace might not generalize to other inputs!
  if return_logits:
[munich] pretrain 150 steps, final loss=0.4458
[munich] epoch 1/24 36000 crops, device=cuda
[munich] epoch 1/24 loss=6.3364
[munich] epoch 2/24 36000 crops, device=cuda
[munich] epoch 2/24 loss=5.8582
[munich] epoch 3/24 36000 crops, device=cuda
[munich] epoch 3/24 loss=5.6566
[munich] epoch 4/24 36000 crops, device=cuda
[munich] epoch 4/24 loss=5.5334
[munich] epoch 5/24 36000 crops, device=cuda
[munich] epoch 5/24 loss=5.4389
[munich] epoch 6/24 36000 crops, device=cuda
[munich] epoch 6/24 loss=5.3678
[munich] epoch 7/24 36000 crops, device=cuda
[munich] epoch 7/24 loss=5.3108
[munich] epoch 8/24 36000 crops, device=cuda
[munich] epoch 8/24 loss=5.2660
[munich] epoch 9/24 36000 crops, device=cuda
[munich] epoch 9/24 loss=5.2074
[munich] epoch 10/24 36000 crops, device=cuda
[munich] epoch 10/24 loss=5.1809
[munich] epoch 11/24 36000 crops, device=cuda
[munich] epoch 11/24 loss=5.1231
[munich] epoch 12/24 36000 crops, device=cuda
[munich] epoch 12/24 loss=5.0886
[munich] epoch 13/24 36000 crops, device=cuda
[munich] epoch 13/24 loss=5.0634
[munich] epoch 14/24 36000 crops, device=cuda
[munich] epoch 14/24 loss=5.0319
[munich] epoch 15/24 36000 crops, device=cuda
[munich] epoch 15/24 loss=4.9863
[munich] epoch 16/24 36000 crops, device=cuda
[munich] epoch 16/24 loss=4.9711
[munich] epoch 17/24 36000 crops, device=cuda
[munich] epoch 17/24 loss=4.9449
[munich] epoch 18/24 36000 crops, device=cuda
[munich] epoch 18/24 loss=4.9205
[munich] epoch 19/24 36000 crops, device=cuda
[munich] epoch 19/24 loss=4.9036
[munich] epoch 20/24 36000 crops, device=cuda
[munich] epoch 20/24 loss=4.8789
[munich] epoch 21/24 36000 crops, device=cuda
[munich] epoch 21/24 loss=4.8730
[munich] epoch 22/24 36000 crops, device=cuda
[munich] epoch 22/24 loss=4.8641
[munich] epoch 23/24 36000 crops, device=cuda
[munich] epoch 23/24 loss=4.8572
[munich] epoch 24/24 36000 crops, device=cuda
[munich] epoch 24/24 loss=4.8566
{"area": "munich", "n_train_crops": 36000, "epochs": 8, "device": "cuda", "train_seconds": 3317.8, "onnx_bytes": 2912370, "init": "from-scratch (domain-native NT-Xent contrastive pretraining on the frozen relight pipeline's own multi-lighting/heading renders); no ImageNet, no torchvision backbone, no checkpoint file", "train_realizations": 3, "epoch_location_resampling": true, "total_epochs_run": 24, "epoch_mult": 3, "lr_schedule": "cosine-per-step to 0 over 13512 steps", "confusability_alpha": 0.5, "cell_weight_ratio_p90_p10": 3.622722257614272, "pretrain_steps": 150, "pretrain_final_loss": 0.44579016268253324, "conf_shift": -0.6382600665092468, "cal_logit_threshold": -1.485457921028138, "cal_keep_rate_per_bucket": {"morning": 0.86, "midday": 0.885, "afternoon": 0.8975, "early_evening": 0.88, "evening": 0.805, "night": 0.4}}
